<?xml version="1.0" encoding="UTF-8"?>
<robot generator="Robot 7.2.2 (Python 3.11.8 on win32)" generated="2025-03-13T05:35:57.990055" rpa="false" schemaversion="5">
<suite id="s1" name="UAT 017 Expertise" source="d:\Cs2567-2\SoftwareEn\LocalRepo\git-group-repository-group-3-sec-3\Version3\test\code\UAT_017_Expertise.robot">
<test id="s1-t1" name="Test Admin Expertise In English" line="169">
<kw name="Open Browser To Login Page">
<kw name="Open Browser" owner="SeleniumLibrary">
<msg time="2025-03-13T05:35:58.324066" level="INFO">Opening browser 'chrome' to base url 'https://cssoften0368.cpkkuhost.com/login'.</msg>
<arg>${LOGIN_URL}</arg>
<arg>${BROWSER}</arg>
<doc>Opens a new browser instance to the optional ``url``.</doc>
<status status="PASS" start="2025-03-13T05:35:58.324066" elapsed="3.626957"/>
</kw>
<kw name="Maximize Browser Window" owner="SeleniumLibrary">
<doc>Maximizes current browser window.</doc>
<status status="PASS" start="2025-03-13T05:36:01.951023" elapsed="0.040426"/>
</kw>
<kw name="Wait Until Element Is Visible" owner="SeleniumLibrary">
<arg>${LOGIN_PAGE_HEADER}</arg>
<arg>timeout=10s</arg>
<doc>Waits until the element ``locator`` is visible.</doc>
<status status="PASS" start="2025-03-13T05:36:01.991449" elapsed="0.019341"/>
</kw>
<status status="PASS" start="2025-03-13T05:35:58.322597" elapsed="3.688193"/>
</kw>
<kw name="Login As Admin">
<kw name="Input Text" owner="SeleniumLibrary">
<msg time="2025-03-13T05:36:02.012804" level="INFO">Typing text 'admin@gmail.com' into text field 'xpath=//input[@id='username']'.</msg>
<arg>${USERNAME_FIELD}</arg>
<arg>${username}</arg>
<doc>Types the given ``text`` into the text field identified by ``locator``.</doc>
<status status="PASS" start="2025-03-13T05:36:02.011803" elapsed="0.076553"/>
</kw>
<kw name="Input Text" owner="SeleniumLibrary">
<msg time="2025-03-13T05:36:02.088356" level="INFO">Typing text '12345678' into text field 'xpath=//input[@id='password']'.</msg>
<arg>${PASSWORD_FIELD}</arg>
<arg>${password}</arg>
<doc>Types the given ``text`` into the text field identified by ``locator``.</doc>
<status status="PASS" start="2025-03-13T05:36:02.088356" elapsed="0.068453"/>
</kw>
<kw name="Click Element" owner="SeleniumLibrary">
<msg time="2025-03-13T05:36:02.156809" level="INFO">Clicking element 'xpath=//button[contains(text(), 'Account Login') or contains(text(), 'เข้าสู่ระบบบัญชี') or contains(text(), '账户登录')]'.</msg>
<arg>${LOGIN_BUTTON}</arg>
<doc>Click the element identified by ``locator``.</doc>
<status status="PASS" start="2025-03-13T05:36:02.156809" elapsed="2.933316"/>
</kw>
<kw name="Wait Until Element Is Visible" owner="SeleniumLibrary">
<arg>${DASHBOARD_HEADER}</arg>
<arg>timeout=10s</arg>
<doc>Waits until the element ``locator`` is visible.</doc>
<status status="PASS" start="2025-03-13T05:36:05.090125" elapsed="0.016914"/>
</kw>
<arg>admin@gmail.com</arg>
<arg>12345678</arg>
<status status="PASS" start="2025-03-13T05:36:02.011803" elapsed="3.095236"/>
</kw>
<kw name="Scroll Page Down">
<kw name="Execute Javascript" owner="SeleniumLibrary">
<msg time="2025-03-13T05:36:05.108552" level="INFO">Executing JavaScript:
return document.body.scrollHeight
Without any arguments.</msg>
<msg time="2025-03-13T05:36:05.113551" level="INFO">${total_height} = 937</msg>
<var>${total_height}</var>
<arg>return document.body.scrollHeight</arg>
<doc>Executes the given JavaScript code with possible arguments.</doc>
<status status="PASS" start="2025-03-13T05:36:05.107542" elapsed="0.006009"/>
</kw>
<kw name="Set Variable" owner="BuiltIn">
<msg time="2025-03-13T05:36:05.114550" level="INFO">${scroll_position} = 0</msg>
<var>${scroll_position}</var>
<arg>0</arg>
<doc>Returns the given values which can then be assigned to a variables.</doc>
<status status="PASS" start="2025-03-13T05:36:05.113551" elapsed="0.000999"/>
</kw>
<while condition="${scroll_position} &lt; ${total_height}">
<iter>
<kw name="Evaluate" owner="BuiltIn">
<msg time="2025-03-13T05:36:05.114550" level="INFO">${scroll_position} = 300</msg>
<var>${scroll_position}</var>
<arg>${scroll_position} + 300</arg>
<doc>Evaluates the given expression in Python and returns the result.</doc>
<status status="PASS" start="2025-03-13T05:36:05.114550" elapsed="0.001000"/>
</kw>
<kw name="Execute Javascript" owner="SeleniumLibrary">
<msg time="2025-03-13T05:36:05.115550" level="INFO">Executing JavaScript:
window.scrollTo(0, 300)
Without any arguments.</msg>
<arg>window.scrollTo(0, ${scroll_position})</arg>
<doc>Executes the given JavaScript code with possible arguments.</doc>
<status status="PASS" start="2025-03-13T05:36:05.115550" elapsed="0.005001"/>
</kw>
<kw name="Sleep" owner="BuiltIn">
<msg time="2025-03-13T05:36:05.620892" level="INFO">Slept 500 milliseconds.</msg>
<arg>0.5s</arg>
<doc>Pauses the test executed for the given time.</doc>
<status status="PASS" start="2025-03-13T05:36:05.120551" elapsed="0.500341"/>
</kw>
<status status="PASS" start="2025-03-13T05:36:05.114550" elapsed="0.506342"/>
</iter>
<iter>
<kw name="Evaluate" owner="BuiltIn">
<msg time="2025-03-13T05:36:05.622056" level="INFO">${scroll_position} = 600</msg>
<var>${scroll_position}</var>
<arg>${scroll_position} + 300</arg>
<doc>Evaluates the given expression in Python and returns the result.</doc>
<status status="PASS" start="2025-03-13T05:36:05.622056" elapsed="0.000000"/>
</kw>
<kw name="Execute Javascript" owner="SeleniumLibrary">
<msg time="2025-03-13T05:36:05.623061" level="INFO">Executing JavaScript:
window.scrollTo(0, 600)
Without any arguments.</msg>
<arg>window.scrollTo(0, ${scroll_position})</arg>
<doc>Executes the given JavaScript code with possible arguments.</doc>
<status status="PASS" start="2025-03-13T05:36:05.622056" elapsed="0.007738"/>
</kw>
<kw name="Sleep" owner="BuiltIn">
<msg time="2025-03-13T05:36:06.130943" level="INFO">Slept 500 milliseconds.</msg>
<arg>0.5s</arg>
<doc>Pauses the test executed for the given time.</doc>
<status status="PASS" start="2025-03-13T05:36:05.630793" elapsed="0.500150"/>
</kw>
<status status="PASS" start="2025-03-13T05:36:05.620892" elapsed="0.510051"/>
</iter>
<iter>
<kw name="Evaluate" owner="BuiltIn">
<msg time="2025-03-13T05:36:06.131951" level="INFO">${scroll_position} = 900</msg>
<var>${scroll_position}</var>
<arg>${scroll_position} + 300</arg>
<doc>Evaluates the given expression in Python and returns the result.</doc>
<status status="PASS" start="2025-03-13T05:36:06.131951" elapsed="0.000000"/>
</kw>
<kw name="Execute Javascript" owner="SeleniumLibrary">
<msg time="2025-03-13T05:36:06.132949" level="INFO">Executing JavaScript:
window.scrollTo(0, 900)
Without any arguments.</msg>
<arg>window.scrollTo(0, ${scroll_position})</arg>
<doc>Executes the given JavaScript code with possible arguments.</doc>
<status status="PASS" start="2025-03-13T05:36:06.131951" elapsed="0.006135"/>
</kw>
<kw name="Sleep" owner="BuiltIn">
<msg time="2025-03-13T05:36:06.639400" level="INFO">Slept 500 milliseconds.</msg>
<arg>0.5s</arg>
<doc>Pauses the test executed for the given time.</doc>
<status status="PASS" start="2025-03-13T05:36:06.139095" elapsed="0.500305"/>
</kw>
<status status="PASS" start="2025-03-13T05:36:06.130943" elapsed="0.508457"/>
</iter>
<iter>
<kw name="Evaluate" owner="BuiltIn">
<msg time="2025-03-13T05:36:06.640409" level="INFO">${scroll_position} = 1200</msg>
<var>${scroll_position}</var>
<arg>${scroll_position} + 300</arg>
<doc>Evaluates the given expression in Python and returns the result.</doc>
<status status="PASS" start="2025-03-13T05:36:06.640409" elapsed="0.000000"/>
</kw>
<kw name="Execute Javascript" owner="SeleniumLibrary">
<msg time="2025-03-13T05:36:06.641405" level="INFO">Executing JavaScript:
window.scrollTo(0, 1200)
Without any arguments.</msg>
<arg>window.scrollTo(0, ${scroll_position})</arg>
<doc>Executes the given JavaScript code with possible arguments.</doc>
<status status="PASS" start="2025-03-13T05:36:06.640409" elapsed="0.007541"/>
</kw>
<kw name="Sleep" owner="BuiltIn">
<msg time="2025-03-13T05:36:07.149459" level="INFO">Slept 500 milliseconds.</msg>
<arg>0.5s</arg>
<doc>Pauses the test executed for the given time.</doc>
<status status="PASS" start="2025-03-13T05:36:06.647950" elapsed="0.501509"/>
</kw>
<status status="PASS" start="2025-03-13T05:36:06.639400" elapsed="0.510059"/>
</iter>
<status status="PASS" start="2025-03-13T05:36:05.114550" elapsed="2.034909"/>
</while>
<status status="PASS" start="2025-03-13T05:36:05.107542" elapsed="2.041917"/>
</kw>
<kw name="Go To Expertise">
<kw name="Wait Until Element Is Visible" owner="SeleniumLibrary">
<arg>${Expertise_MENU}</arg>
<arg>timeout=10s</arg>
<doc>Waits until the element ``locator`` is visible.</doc>
<status status="PASS" start="2025-03-13T05:36:07.150464" elapsed="0.016234"/>
</kw>
<kw name="Click Element" owner="SeleniumLibrary">
<msg time="2025-03-13T05:36:07.166698" level="INFO">Clicking element 'xpath=//a[contains(@class,'nav-link') and .//span[contains(@class,'menu-title') and (contains(text(),'Expertise') or contains(text(),'ความเชี่ยวชาญ') or contains(text(),'权限'))]]'.</msg>
<arg>${Expertise_MENU}</arg>
<doc>Click the element identified by ``locator``.</doc>
<status status="PASS" start="2025-03-13T05:36:07.166698" elapsed="0.893727"/>
</kw>
<status status="PASS" start="2025-03-13T05:36:07.150464" elapsed="0.909961"/>
</kw>
<kw name="Sleep" owner="BuiltIn">
<msg time="2025-03-13T05:36:13.062483" level="INFO">Slept 5 seconds.</msg>
<arg>5s</arg>
<doc>Pauses the test executed for the given time.</doc>
<status status="PASS" start="2025-03-13T05:36:08.061641" elapsed="5.000842"/>
</kw>
<kw name="Click Element" owner="SeleniumLibrary">
<msg time="2025-03-13T05:36:13.063491" level="INFO">Clicking element 'xpath=//th[contains(@class, 'sorting') and contains(@aria-label, 'ลำดับ')]'.</msg>
<arg>${SORT_BY_ID_TH}</arg>
<doc>Click the element identified by ``locator``.</doc>
<status status="PASS" start="2025-03-13T05:36:13.062483" elapsed="0.060418"/>
</kw>
<kw name="Sleep" owner="BuiltIn">
<msg time="2025-03-13T05:36:15.124326" level="INFO">Slept 2 seconds.</msg>
<arg>2s</arg>
<doc>Pauses the test executed for the given time.</doc>
<status status="PASS" start="2025-03-13T05:36:13.123848" elapsed="2.000478"/>
</kw>
<kw name="Change Language">
<kw name="Click Element" owner="SeleniumLibrary">
<msg time="2025-03-13T05:36:15.126842" level="INFO">Clicking element 'xpath=//a[contains(text(), 'English')]'.</msg>
<arg>${language_button}</arg>
<doc>Click the element identified by ``locator``.</doc>
<status status="PASS" start="2025-03-13T05:36:15.126335" elapsed="1.539847"/>
</kw>
<kw name="Sleep" owner="BuiltIn">
<msg time="2025-03-13T05:36:19.666599" level="INFO">Slept 3 seconds.</msg>
<arg>3s</arg>
<doc>Pauses the test executed for the given time.</doc>
<status status="PASS" start="2025-03-13T05:36:16.666182" elapsed="3.000417"/>
</kw>
<arg>${LANG_TO_ENGLISH}</arg>
<status status="PASS" start="2025-03-13T05:36:15.125338" elapsed="4.541261"/>
</kw>
<kw name="Click Element" owner="SeleniumLibrary">
<msg time="2025-03-13T05:36:19.668116" level="INFO">Clicking element 'xpath=//th[contains(@class, 'sorting') and contains(@aria-label, 'ID')]'.</msg>
<arg>${SORT_BY_ID}</arg>
<doc>Click the element identified by ``locator``.</doc>
<status status="PASS" start="2025-03-13T05:36:19.666599" elapsed="0.053210"/>
</kw>
<kw name="Sleep" owner="BuiltIn">
<msg time="2025-03-13T05:36:21.720903" level="INFO">Slept 2 seconds.</msg>
<arg>2s</arg>
<doc>Pauses the test executed for the given time.</doc>
<status status="PASS" start="2025-03-13T05:36:19.720752" elapsed="2.000151"/>
</kw>
<kw name="Verify Page Contains Multiple Texts">
<kw name="Get Source" owner="SeleniumLibrary">
<msg time="2025-03-13T05:36:21.729535" level="INFO">${html_source} = &lt;html lang="en" style="height: auto;"&gt;&lt;head&gt;&lt;style type="text/css"&gt;.swal-icon--error{border-color:#f27474;-webkit-animation:animateErrorIcon .5s;animation:animateErrorIcon .5s}.swal-icon--error__x-mar...</msg>
<var>${html_source}</var>
<doc>Returns the entire HTML source of the current page or frame.</doc>
<status status="PASS" start="2025-03-13T05:36:21.721908" elapsed="0.008963"/>
</kw>
<kw name="Log" owner="BuiltIn">
<msg time="2025-03-13T05:36:21.731877" level="INFO">HTML Source: &lt;html lang="en" style="height: auto;"&gt;&lt;head&gt;&lt;style type="text/css"&gt;.swal-icon--error{border-color:#f27474;-webkit-animation:animateErrorIcon .5s;animation:animateErrorIcon .5s}.swal-icon--error__x-mark{position:relative;display:block;-webkit-animation:animateXMark .5s;animation:animateXMark .5s}.swal-icon--error__line{position:absolute;height:5px;width:47px;background-color:#f27474;display:block;top:37px;border-radius:2px}.swal-icon--error__line--left{-webkit-transform:rotate(45deg);transform:rotate(45deg);left:17px}.swal-icon--error__line--right{-webkit-transform:rotate(-45deg);transform:rotate(-45deg);right:16px}@-webkit-keyframes animateErrorIcon{0%{-webkit-transform:rotateX(100deg);transform:rotateX(100deg);opacity:0}to{-webkit-transform:rotateX(0deg);transform:rotateX(0deg);opacity:1}}@keyframes animateErrorIcon{0%{-webkit-transform:rotateX(100deg);transform:rotateX(100deg);opacity:0}to{-webkit-transform:rotateX(0deg);transform:rotateX(0deg);opacity:1}}@-webkit-keyframes animateXMark{0%{-webkit-transform:scale(.4);transform:scale(.4);margin-top:26px;opacity:0}50%{-webkit-transform:scale(.4);transform:scale(.4);margin-top:26px;opacity:0}80%{-webkit-transform:scale(1.15);transform:scale(1.15);margin-top:-6px}to{-webkit-transform:scale(1);transform:scale(1);margin-top:0;opacity:1}}@keyframes animateXMark{0%{-webkit-transform:scale(.4);transform:scale(.4);margin-top:26px;opacity:0}50%{-webkit-transform:scale(.4);transform:scale(.4);margin-top:26px;opacity:0}80%{-webkit-transform:scale(1.15);transform:scale(1.15);margin-top:-6px}to{-webkit-transform:scale(1);transform:scale(1);margin-top:0;opacity:1}}.swal-icon--warning{border-color:#f8bb86;-webkit-animation:pulseWarning .75s infinite alternate;animation:pulseWarning .75s infinite alternate}.swal-icon--warning__body{width:5px;height:47px;top:10px;border-radius:2px;margin-left:-2px}.swal-icon--warning__body,.swal-icon--warning__dot{position:absolute;left:50%;background-color:#f8bb86}.swal-icon--warning__dot{width:7px;height:7px;border-radius:50%;margin-left:-4px;bottom:-11px}@-webkit-keyframes pulseWarning{0%{border-color:#f8d486}to{border-color:#f8bb86}}@keyframes pulseWarning{0%{border-color:#f8d486}to{border-color:#f8bb86}}.swal-icon--success{border-color:#a5dc86}.swal-icon--success:after,.swal-icon--success:before{content:"";border-radius:50%;position:absolute;width:60px;height:120px;background:#fff;-webkit-transform:rotate(45deg);transform:rotate(45deg)}.swal-icon--success:before{border-radius:120px 0 0 120px;top:-7px;left:-33px;-webkit-transform:rotate(-45deg);transform:rotate(-45deg);-webkit-transform-origin:60px 60px;transform-origin:60px 60px}.swal-icon--success:after{border-radius:0 120px 120px 0;top:-11px;left:30px;-webkit-transform:rotate(-45deg);transform:rotate(-45deg);-webkit-transform-origin:0 60px;transform-origin:0 60px;-webkit-animation:rotatePlaceholder 4.25s ease-in;animation:rotatePlaceholder 4.25s ease-in}.swal-icon--success__ring{width:80px;height:80px;border:4px solid hsla(98,55%,69%,.2);border-radius:50%;box-sizing:content-box;position:absolute;left:-4px;top:-4px;z-index:2}.swal-icon--success__hide-corners{width:5px;height:90px;background-color:#fff;padding:1px;position:absolute;left:28px;top:8px;z-index:1;-webkit-transform:rotate(-45deg);transform:rotate(-45deg)}.swal-icon--success__line{height:5px;background-color:#a5dc86;display:block;border-radius:2px;position:absolute;z-index:2}.swal-icon--success__line--tip{width:25px;left:14px;top:46px;-webkit-transform:rotate(45deg);transform:rotate(45deg);-webkit-animation:animateSuccessTip .75s;animation:animateSuccessTip .75s}.swal-icon--success__line--long{width:47px;right:8px;top:38px;-webkit-transform:rotate(-45deg);transform:rotate(-45deg);-webkit-animation:animateSuccessLong .75s;animation:animateSuccessLong .75s}@-webkit-keyframes rotatePlaceholder{0%{-webkit-transform:rotate(-45deg);transform:rotate(-45deg)}5%{-webkit-transform:rotate(-45deg);transform:rotate(-45deg)}12%{-webkit-transform:rotate(-405deg);transform:rotate(-405deg)}to{-webkit-transform:rotate(-405deg);transform:rotate(-405deg)}}@keyframes rotatePlaceholder{0%{-webkit-transform:rotate(-45deg);transform:rotate(-45deg)}5%{-webkit-transform:rotate(-45deg);transform:rotate(-45deg)}12%{-webkit-transform:rotate(-405deg);transform:rotate(-405deg)}to{-webkit-transform:rotate(-405deg);transform:rotate(-405deg)}}@-webkit-keyframes animateSuccessTip{0%{width:0;left:1px;top:19px}54%{width:0;left:1px;top:19px}70%{width:50px;left:-8px;top:37px}84%{width:17px;left:21px;top:48px}to{width:25px;left:14px;top:45px}}@keyframes animateSuccessTip{0%{width:0;left:1px;top:19px}54%{width:0;left:1px;top:19px}70%{width:50px;left:-8px;top:37px}84%{width:17px;left:21px;top:48px}to{width:25px;left:14px;top:45px}}@-webkit-keyframes animateSuccessLong{0%{width:0;right:46px;top:54px}65%{width:0;right:46px;top:54px}84%{width:55px;right:0;top:35px}to{width:47px;right:8px;top:38px}}@keyframes animateSuccessLong{0%{width:0;right:46px;top:54px}65%{width:0;right:46px;top:54px}84%{width:55px;right:0;top:35px}to{width:47px;right:8px;top:38px}}.swal-icon--info{border-color:#c9dae1}.swal-icon--info:before{width:5px;height:29px;bottom:17px;border-radius:2px;margin-left:-2px}.swal-icon--info:after,.swal-icon--info:before{content:"";position:absolute;left:50%;background-color:#c9dae1}.swal-icon--info:after{width:7px;height:7px;border-radius:50%;margin-left:-3px;top:19px}.swal-icon{width:80px;height:80px;border-width:4px;border-style:solid;border-radius:50%;padding:0;position:relative;box-sizing:content-box;margin:20px auto}.swal-icon:first-child{margin-top:32px}.swal-icon--custom{width:auto;height:auto;max-width:100%;border:none;border-radius:0}.swal-icon img{max-width:100%;max-height:100%}.swal-title{color:rgba(0,0,0,.65);font-weight:600;text-transform:none;position:relative;display:block;padding:13px 16px;font-size:27px;line-height:normal;text-align:center;margin-bottom:0}.swal-title:first-child{margin-top:26px}.swal-title:not(:first-child){padding-bottom:0}.swal-title:not(:last-child){margin-bottom:13px}.swal-text{font-size:16px;position:relative;float:none;line-height:normal;vertical-align:top;text-align:left;display:inline-block;margin:0;padding:0 10px;font-weight:400;color:rgba(0,0,0,.64);max-width:calc(100% - 20px);overflow-wrap:break-word;box-sizing:border-box}.swal-text:first-child{margin-top:45px}.swal-text:last-child{margin-bottom:45px}.swal-footer{text-align:right;padding-top:13px;margin-top:13px;padding:13px 16px;border-radius:inherit;border-top-left-radius:0;border-top-right-radius:0}.swal-button-container{margin:5px;display:inline-block;position:relative}.swal-button{background-color:#7cd1f9;color:#fff;border:none;box-shadow:none;border-radius:5px;font-weight:600;font-size:14px;padding:10px 24px;margin:0;cursor:pointer}.swal-button[not:disabled]:hover{background-color:#78cbf2}.swal-button:active{background-color:#70bce0}.swal-button:focus{outline:none;box-shadow:0 0 0 1px #fff,0 0 0 3px rgba(43,114,165,.29)}.swal-button[disabled]{opacity:.5;cursor:default}.swal-button::-moz-focus-inner{border:0}.swal-button--cancel{color:#555;background-color:#efefef}.swal-button--cancel[not:disabled]:hover{background-color:#e8e8e8}.swal-button--cancel:active{background-color:#d7d7d7}.swal-button--cancel:focus{box-shadow:0 0 0 1px #fff,0 0 0 3px rgba(116,136,150,.29)}.swal-button--danger{background-color:#e64942}.swal-button--danger[not:disabled]:hover{background-color:#df4740}.swal-button--danger:active{background-color:#cf423b}.swal-button--danger:focus{box-shadow:0 0 0 1px #fff,0 0 0 3px rgba(165,43,43,.29)}.swal-content{padding:0 20px;margin-top:20px;font-size:medium}.swal-content:last-child{margin-bottom:20px}.swal-content__input,.swal-content__textarea{-webkit-appearance:none;background-color:#fff;border:none;font-size:14px;display:block;box-sizing:border-box;width:100%;border:1px solid rgba(0,0,0,.14);padding:10px 13px;border-radius:2px;transition:border-color .2s}.swal-content__input:focus,.swal-content__textarea:focus{outline:none;border-color:#6db8ff}.swal-content__textarea{resize:vertical}.swal-button--loading{color:transparent}.swal-button--loading~.swal-button__loader{opacity:1}.swal-button__loader{position:absolute;height:auto;width:43px;z-index:2;left:50%;top:50%;-webkit-transform:translateX(-50%) translateY(-50%);transform:translateX(-50%) translateY(-50%);text-align:center;pointer-events:none;opacity:0}.swal-button__loader div{display:inline-block;float:none;vertical-align:baseline;width:9px;height:9px;padding:0;border:none;margin:2px;opacity:.4;border-radius:7px;background-color:hsla(0,0%,100%,.9);transition:background .2s;-webkit-animation:swal-loading-anim 1s infinite;animation:swal-loading-anim 1s infinite}.swal-button__loader div:nth-child(3n+2){-webkit-animation-delay:.15s;animation-delay:.15s}.swal-button__loader div:nth-child(3n+3){-webkit-animation-delay:.3s;animation-delay:.3s}@-webkit-keyframes swal-loading-anim{0%{opacity:.4}20%{opacity:.4}50%{opacity:1}to{opacity:.4}}@keyframes swal-loading-anim{0%{opacity:.4}20%{opacity:.4}50%{opacity:1}to{opacity:.4}}.swal-overlay{position:fixed;top:0;bottom:0;left:0;right:0;text-align:center;font-size:0;overflow-y:auto;background-color:rgba(0,0,0,.4);z-index:10000;pointer-events:none;opacity:0;transition:opacity .3s}.swal-overlay:before{content:" ";display:inline-block;vertical-align:middle;height:100%}.swal-overlay--show-modal{opacity:1;pointer-events:auto}.swal-overlay--show-modal .swal-modal{opacity:1;pointer-events:auto;box-sizing:border-box;-webkit-animation:showSweetAlert .3s;animation:showSweetAlert .3s;will-change:transform}.swal-modal{width:478px;opacity:0;pointer-events:none;background-color:#fff;text-align:center;border-radius:5px;position:static;margin:20px auto;display:inline-block;vertical-align:middle;-webkit-transform:scale(1);transform:scale(1);-webkit-transform-origin:50% 50%;transform-origin:50% 50%;z-index:10001;transition:opacity .2s,-webkit-transform .3s;transition:transform .3s,opacity .2s;transition:transform .3s,opacity .2s,-webkit-transform .3s}@media (max-width:500px){.swal-modal{width:calc(100% - 20px)}}@-webkit-keyframes showSweetAlert{0%{-webkit-transform:scale(1);transform:scale(1)}1%{-webkit-transform:scale(.5);transform:scale(.5)}45%{-webkit-transform:scale(1.05);transform:scale(1.05)}80%{-webkit-transform:scale(.95);transform:scale(.95)}to{-webkit-transform:scale(1);transform:scale(1)}}@keyframes showSweetAlert{0%{-webkit-transform:scale(1);transform:scale(1)}1%{-webkit-transform:scale(.5);transform:scale(.5)}45%{-webkit-transform:scale(1.05);transform:scale(1.05)}80%{-webkit-transform:scale(.95);transform:scale(.95)}to{-webkit-transform:scale(1);transform:scale(1)}}&lt;/style&gt;&lt;style type="text/css"&gt;.swal-icon--error{border-color:#f27474;-webkit-animation:animateErrorIcon .5s;animation:animateErrorIcon .5s}.swal-icon--error__x-mark{position:relative;display:block;-webkit-animation:animateXMark .5s;animation:animateXMark .5s}.swal-icon--error__line{position:absolute;height:5px;width:47px;background-color:#f27474;display:block;top:37px;border-radius:2px}.swal-icon--error__line--left{-webkit-transform:rotate(45deg);transform:rotate(45deg);left:17px}.swal-icon--error__line--right{-webkit-transform:rotate(-45deg);transform:rotate(-45deg);right:16px}@-webkit-keyframes animateErrorIcon{0%{-webkit-transform:rotateX(100deg);transform:rotateX(100deg);opacity:0}to{-webkit-transform:rotateX(0deg);transform:rotateX(0deg);opacity:1}}@keyframes animateErrorIcon{0%{-webkit-transform:rotateX(100deg);transform:rotateX(100deg);opacity:0}to{-webkit-transform:rotateX(0deg);transform:rotateX(0deg);opacity:1}}@-webkit-keyframes animateXMark{0%{-webkit-transform:scale(.4);transform:scale(.4);margin-top:26px;opacity:0}50%{-webkit-transform:scale(.4);transform:scale(.4);margin-top:26px;opacity:0}80%{-webkit-transform:scale(1.15);transform:scale(1.15);margin-top:-6px}to{-webkit-transform:scale(1);transform:scale(1);margin-top:0;opacity:1}}@keyframes animateXMark{0%{-webkit-transform:scale(.4);transform:scale(.4);margin-top:26px;opacity:0}50%{-webkit-transform:scale(.4);transform:scale(.4);margin-top:26px;opacity:0}80%{-webkit-transform:scale(1.15);transform:scale(1.15);margin-top:-6px}to{-webkit-transform:scale(1);transform:scale(1);margin-top:0;opacity:1}}.swal-icon--warning{border-color:#f8bb86;-webkit-animation:pulseWarning .75s infinite alternate;animation:pulseWarning .75s infinite alternate}.swal-icon--warning__body{width:5px;height:47px;top:10px;border-radius:2px;margin-left:-2px}.swal-icon--warning__body,.swal-icon--warning__dot{position:absolute;left:50%;background-color:#f8bb86}.swal-icon--warning__dot{width:7px;height:7px;border-radius:50%;margin-left:-4px;bottom:-11px}@-webkit-keyframes pulseWarning{0%{border-color:#f8d486}to{border-color:#f8bb86}}@keyframes pulseWarning{0%{border-color:#f8d486}to{border-color:#f8bb86}}.swal-icon--success{border-color:#a5dc86}.swal-icon--success:after,.swal-icon--success:before{content:"";border-radius:50%;position:absolute;width:60px;height:120px;background:#fff;-webkit-transform:rotate(45deg);transform:rotate(45deg)}.swal-icon--success:before{border-radius:120px 0 0 120px;top:-7px;left:-33px;-webkit-transform:rotate(-45deg);transform:rotate(-45deg);-webkit-transform-origin:60px 60px;transform-origin:60px 60px}.swal-icon--success:after{border-radius:0 120px 120px 0;top:-11px;left:30px;-webkit-transform:rotate(-45deg);transform:rotate(-45deg);-webkit-transform-origin:0 60px;transform-origin:0 60px;-webkit-animation:rotatePlaceholder 4.25s ease-in;animation:rotatePlaceholder 4.25s ease-in}.swal-icon--success__ring{width:80px;height:80px;border:4px solid hsla(98,55%,69%,.2);border-radius:50%;box-sizing:content-box;position:absolute;left:-4px;top:-4px;z-index:2}.swal-icon--success__hide-corners{width:5px;height:90px;background-color:#fff;padding:1px;position:absolute;left:28px;top:8px;z-index:1;-webkit-transform:rotate(-45deg);transform:rotate(-45deg)}.swal-icon--success__line{height:5px;background-color:#a5dc86;display:block;border-radius:2px;position:absolute;z-index:2}.swal-icon--success__line--tip{width:25px;left:14px;top:46px;-webkit-transform:rotate(45deg);transform:rotate(45deg);-webkit-animation:animateSuccessTip .75s;animation:animateSuccessTip .75s}.swal-icon--success__line--long{width:47px;right:8px;top:38px;-webkit-transform:rotate(-45deg);transform:rotate(-45deg);-webkit-animation:animateSuccessLong .75s;animation:animateSuccessLong .75s}@-webkit-keyframes rotatePlaceholder{0%{-webkit-transform:rotate(-45deg);transform:rotate(-45deg)}5%{-webkit-transform:rotate(-45deg);transform:rotate(-45deg)}12%{-webkit-transform:rotate(-405deg);transform:rotate(-405deg)}to{-webkit-transform:rotate(-405deg);transform:rotate(-405deg)}}@keyframes rotatePlaceholder{0%{-webkit-transform:rotate(-45deg);transform:rotate(-45deg)}5%{-webkit-transform:rotate(-45deg);transform:rotate(-45deg)}12%{-webkit-transform:rotate(-405deg);transform:rotate(-405deg)}to{-webkit-transform:rotate(-405deg);transform:rotate(-405deg)}}@-webkit-keyframes animateSuccessTip{0%{width:0;left:1px;top:19px}54%{width:0;left:1px;top:19px}70%{width:50px;left:-8px;top:37px}84%{width:17px;left:21px;top:48px}to{width:25px;left:14px;top:45px}}@keyframes animateSuccessTip{0%{width:0;left:1px;top:19px}54%{width:0;left:1px;top:19px}70%{width:50px;left:-8px;top:37px}84%{width:17px;left:21px;top:48px}to{width:25px;left:14px;top:45px}}@-webkit-keyframes animateSuccessLong{0%{width:0;right:46px;top:54px}65%{width:0;right:46px;top:54px}84%{width:55px;right:0;top:35px}to{width:47px;right:8px;top:38px}}@keyframes animateSuccessLong{0%{width:0;right:46px;top:54px}65%{width:0;right:46px;top:54px}84%{width:55px;right:0;top:35px}to{width:47px;right:8px;top:38px}}.swal-icon--info{border-color:#c9dae1}.swal-icon--info:before{width:5px;height:29px;bottom:17px;border-radius:2px;margin-left:-2px}.swal-icon--info:after,.swal-icon--info:before{content:"";position:absolute;left:50%;background-color:#c9dae1}.swal-icon--info:after{width:7px;height:7px;border-radius:50%;margin-left:-3px;top:19px}.swal-icon{width:80px;height:80px;border-width:4px;border-style:solid;border-radius:50%;padding:0;position:relative;box-sizing:content-box;margin:20px auto}.swal-icon:first-child{margin-top:32px}.swal-icon--custom{width:auto;height:auto;max-width:100%;border:none;border-radius:0}.swal-icon img{max-width:100%;max-height:100%}.swal-title{color:rgba(0,0,0,.65);font-weight:600;text-transform:none;position:relative;display:block;padding:13px 16px;font-size:27px;line-height:normal;text-align:center;margin-bottom:0}.swal-title:first-child{margin-top:26px}.swal-title:not(:first-child){padding-bottom:0}.swal-title:not(:last-child){margin-bottom:13px}.swal-text{font-size:16px;position:relative;float:none;line-height:normal;vertical-align:top;text-align:left;display:inline-block;margin:0;padding:0 10px;font-weight:400;color:rgba(0,0,0,.64);max-width:calc(100% - 20px);overflow-wrap:break-word;box-sizing:border-box}.swal-text:first-child{margin-top:45px}.swal-text:last-child{margin-bottom:45px}.swal-footer{text-align:right;padding-top:13px;margin-top:13px;padding:13px 16px;border-radius:inherit;border-top-left-radius:0;border-top-right-radius:0}.swal-button-container{margin:5px;display:inline-block;position:relative}.swal-button{background-color:#7cd1f9;color:#fff;border:none;box-shadow:none;border-radius:5px;font-weight:600;font-size:14px;padding:10px 24px;margin:0;cursor:pointer}.swal-button:not([disabled]):hover{background-color:#78cbf2}.swal-button:active{background-color:#70bce0}.swal-button:focus{outline:none;box-shadow:0 0 0 1px #fff,0 0 0 3px rgba(43,114,165,.29)}.swal-button[disabled]{opacity:.5;cursor:default}.swal-button::-moz-focus-inner{border:0}.swal-button--cancel{color:#555;background-color:#efefef}.swal-button--cancel:not([disabled]):hover{background-color:#e8e8e8}.swal-button--cancel:active{background-color:#d7d7d7}.swal-button--cancel:focus{box-shadow:0 0 0 1px #fff,0 0 0 3px rgba(116,136,150,.29)}.swal-button--danger{background-color:#e64942}.swal-button--danger:not([disabled]):hover{background-color:#df4740}.swal-button--danger:active{background-color:#cf423b}.swal-button--danger:focus{box-shadow:0 0 0 1px #fff,0 0 0 3px rgba(165,43,43,.29)}.swal-content{padding:0 20px;margin-top:20px;font-size:medium}.swal-content:last-child{margin-bottom:20px}.swal-content__input,.swal-content__textarea{-webkit-appearance:none;background-color:#fff;border:none;font-size:14px;display:block;box-sizing:border-box;width:100%;border:1px solid rgba(0,0,0,.14);padding:10px 13px;border-radius:2px;transition:border-color .2s}.swal-content__input:focus,.swal-content__textarea:focus{outline:none;border-color:#6db8ff}.swal-content__textarea{resize:vertical}.swal-button--loading{color:transparent}.swal-button--loading~.swal-button__loader{opacity:1}.swal-button__loader{position:absolute;height:auto;width:43px;z-index:2;left:50%;top:50%;-webkit-transform:translateX(-50%) translateY(-50%);transform:translateX(-50%) translateY(-50%);text-align:center;pointer-events:none;opacity:0}.swal-button__loader div{display:inline-block;float:none;vertical-align:baseline;width:9px;height:9px;padding:0;border:none;margin:2px;opacity:.4;border-radius:7px;background-color:hsla(0,0%,100%,.9);transition:background .2s;-webkit-animation:swal-loading-anim 1s infinite;animation:swal-loading-anim 1s infinite}.swal-button__loader div:nth-child(3n+2){-webkit-animation-delay:.15s;animation-delay:.15s}.swal-button__loader div:nth-child(3n+3){-webkit-animation-delay:.3s;animation-delay:.3s}@-webkit-keyframes swal-loading-anim{0%{opacity:.4}20%{opacity:.4}50%{opacity:1}to{opacity:.4}}@keyframes swal-loading-anim{0%{opacity:.4}20%{opacity:.4}50%{opacity:1}to{opacity:.4}}.swal-overlay{position:fixed;top:0;bottom:0;left:0;right:0;text-align:center;font-size:0;overflow-y:auto;background-color:rgba(0,0,0,.4);z-index:10000;pointer-events:none;opacity:0;transition:opacity .3s}.swal-overlay:before{content:" ";display:inline-block;vertical-align:middle;height:100%}.swal-overlay--show-modal{opacity:1;pointer-events:auto}.swal-overlay--show-modal .swal-modal{opacity:1;pointer-events:auto;box-sizing:border-box;-webkit-animation:showSweetAlert .3s;animation:showSweetAlert .3s;will-change:transform}.swal-modal{width:478px;opacity:0;pointer-events:none;background-color:#fff;text-align:center;border-radius:5px;position:static;margin:20px auto;display:inline-block;vertical-align:middle;-webkit-transform:scale(1);transform:scale(1);-webkit-transform-origin:50% 50%;transform-origin:50% 50%;z-index:10001;transition:opacity .2s,-webkit-transform .3s;transition:transform .3s,opacity .2s;transition:transform .3s,opacity .2s,-webkit-transform .3s}@media (max-width:500px){.swal-modal{width:calc(100% - 20px)}}@-webkit-keyframes showSweetAlert{0%{-webkit-transform:scale(1);transform:scale(1)}1%{-webkit-transform:scale(.5);transform:scale(.5)}45%{-webkit-transform:scale(1.05);transform:scale(1.05)}80%{-webkit-transform:scale(.95);transform:scale(.95)}to{-webkit-transform:scale(1);transform:scale(1)}}@keyframes showSweetAlert{0%{-webkit-transform:scale(1);transform:scale(1)}1%{-webkit-transform:scale(.5);transform:scale(.5)}45%{-webkit-transform:scale(1.05);transform:scale(1.05)}80%{-webkit-transform:scale(.95);transform:scale(.95)}to{-webkit-transform:scale(1);transform:scale(1)}}&lt;/style&gt;&lt;link rel="stylesheet" href="https://cdn.datatables.net/fixedheader/3.2.3/css/fixedHeader.bootstrap4.min.css"&gt;
&lt;link rel="stylesheet" href="https://cdn.datatables.net/1.12.0/css/dataTables.bootstrap4.min.css"&gt;
&lt;link rel="stylesheet" href="https://cdn.datatables.net/fixedheader/3.2.3/css/fixedHeader.bootstrap4.min.css"&gt;



&lt;!--
This is a starter template page. Use this page to start your new project from
scratch. This page gets rid of all links and provides the needed markup only.
--&gt;

    


    &lt;meta charset="utf-8"&gt;
    &lt;meta name="csrf-token" content="r6rROsKHpmj4jvzeMD8qQarliavknaQMm6Cqg50V"&gt;
    &lt;title&gt;Dashboard&lt;/title&gt;
    &lt;base href="https://cssoften0368.cpkkuhost.com"&gt;
    &lt;link href="img/Newlogo.png" rel="shortcut icon" type="image/x-icon"&gt;
    &lt;!-- Font Awesome Icons --&gt;
    &lt;link rel="stylesheet" href="plugins/fontawesome-free/css/all.min.css"&gt;
    &lt;link rel="stylesheet" href="https://cssoften0368.cpkkuhost.com/plugins/ijaboCropTool/ijaboCropTool.min.css"&gt;
    &lt;!-- Theme style --&gt;
    &lt;!-- Google Font: Source Sans Pro --&gt;
    &lt;link rel="stylesheet" href="https://fonts.googleapis.com/css?family=Source+Sans+Pro:300,400,400i,700&amp;amp;display=fallback"&gt;

    &lt;!-- plugins:css --&gt;
    &lt;link rel="stylesheet" href="https://cssoften0368.cpkkuhost.com/vendors/feather/feather.css"&gt;
    &lt;link rel="stylesheet" href="https://cssoften0368.cpkkuhost.com/vendors/mdi/css/materialdesignicons.min.css"&gt;
    &lt;link rel="stylesheet" href="https://cssoften0368.cpkkuhost.com/vendors/ti-icons/css/themify-icons.css"&gt;
    &lt;link rel="stylesheet" href="https://cssoften0368.cpkkuhost.com/vendors/typicons/typicons.css"&gt;
    &lt;link rel="stylesheet" href="https://cssoften0368.cpkkuhost.com/vendors/simple-line-icons/css/simple-line-icons.css"&gt;
    &lt;link rel="stylesheet" href="https://cssoften0368.cpkkuhost.com/vendors/css/vendor.bundle.base.css"&gt;
    &lt;!-- endinject --&gt;
    &lt;!-- Plugin css for this page --&gt;
    &lt;!-- &lt;link rel="stylesheet" href="https://cssoften0368.cpkkuhost.com/vendors/datatables.net-bs4/dataTables.bootstrap4.css"&gt; --&gt;
    &lt;link rel="stylesheet" href="https://cssoften0368.cpkkuhost.com/js/select.dataTables.min.css"&gt;
    &lt;!-- End plugin css for this page --&gt;
    &lt;!-- inject:css --&gt;
    &lt;link rel="stylesheet" href="https://cssoften0368.cpkkuhost.com/css/styleadmin.css"&gt;

    &lt;!-- endinject --&gt;
    &lt;!-- &lt;link rel="shortcut icon" href="images/favicon.png" /&gt; --&gt;
    &lt;link href="https://cdn.jsdelivr.net/npm/select2@4.1.0-rc.0/dist/css/select2.min.css" rel="stylesheet"&gt;
    &lt;!-- &lt;script src="https://cdn.jsdelivr.net/npm/select2@4.1.0-rc.0/dist/js/select2.min.js"&gt; &lt;/script&gt; --&gt;

    &lt;link rel="stylesheet" href="https://cdnjs.cloudflare.com/ajax/libs/bootstrap-select/1.13.1/css/bootstrap-select.css"&gt;
        &lt;!-- &lt;link href="https://cdn.jsdelivr.net/npm/bootstrap@5.0.2/dist/css/bootstrap.min.css" rel="stylesheet"&gt; --&gt;
        &lt;script src="//ajax.googleapis.com/ajax/libs/jquery/1.11.3/jquery.min.js"&gt;&lt;/script&gt;
&lt;/head&gt;

&lt;body style="height: auto;"&gt;
    &lt;div class=" container-scroller sidebar-dark"&gt;
        &lt;!-- navbar ข้างบน 
    --&gt;
        &lt;nav class=" navbar default-layout col-lg-12 col-12 p-0 fixed-top d-flex align-items-top flex-row"&gt;
            &lt;div class="text-center navbar-brand-wrapper d-flex align-items-center justify-content-start"&gt;
                &lt;div class="me-3"&gt;
                    &lt;button class="navbar-toggler navbar-toggler align-self-center" type="button" data-bs-toggle="minimize"&gt;
                        &lt;span class="icon-menu"&gt;&lt;/span&gt;
                    &lt;/button&gt;
                &lt;/div&gt;
            &lt;/div&gt;
            &lt;!--   --&gt;
            &lt;!-- Left navbar links --&gt;
            &lt;div class="navbar-menu-wrapper d-flex align-items-top"&gt;
                &lt;ul class="navbar-nav"&gt;
                    &lt;li class="nav-item font-weight-semibold d-none d-lg-block ms-0"&gt;
                        &lt;h1 class="welcome-text"&gt;Research Information Management System &lt;span class="text-black fw-bold"&gt;&lt;/span&gt;&lt;/h1&gt;
                        &lt;h3 class="welcome-sub-text"&gt; &lt;/h3&gt;
                    &lt;/li&gt;
                &lt;/ul&gt;
                &lt;ul class="navbar-nav ms-auto"&gt;
                    &lt;li class="nav-item d-none d-lg-block"&gt;
                        &lt;div id="datepicker-popup" class="input-group date datepicker navbar-date-picker"&gt;
                            &lt;span class="input-group-addon input-group-prepend border-right"&gt;
                                &lt;span class="icon-calendar input-group-text calendar-icon"&gt;&lt;/span&gt;
                            &lt;/span&gt;
                            &lt;input type="text" class="form-control"&gt;
                        &lt;/div&gt;
                    &lt;/li&gt;
                    &lt;li class="nav-item"&gt;
                        &lt;form class="search-form" action="#"&gt;
                            &lt;i class="icon-search"&gt;&lt;/i&gt;
                            &lt;input type="search" class="form-control" placeholder="Search Here" title="Search here"&gt;
                        &lt;/form&gt;
                    &lt;/li&gt;
                    &lt;!-- &lt;li class="nav-item dropdown"&gt;
                        &lt;a class="nav-link count-indicator" id="countDropdown" href="#" data-bs-toggle="dropdown"
                            aria-expanded="false"&gt;
                            &lt;i class="icon-bell"&gt;&lt;/i&gt;
                            &lt;span class="count"&gt;&lt;/span&gt;
                        &lt;/a&gt;
                    &lt;/li&gt; --&gt;
                    &lt;!-- &lt;li class="nav-item dropdown d-none d-lg-block user-dropdown"&gt;
                        &lt;a class="nav-link" id="UserDropdown" href="#" data-bs-toggle="dropdown" aria-expanded="false"&gt;
                            &lt;img class="img-xs rounded-circle" src="https://cssoften0368.cpkkuhost.com/images/imag_user/no-image.jpg"
                                alt="User profile picture"&gt;
                        &lt;/a&gt;
                    &lt;/li&gt; --&gt;
                    &lt;!-- &lt;div class="dropdown-menu dropdown-menu-right navbar-dropdown" aria-labelledby="UserDropdown"&gt;
                            &lt;div class="dropdown-header text-center"&gt;
                                &lt;img class="img-md rounded-circle" src="https://cssoften0368.cpkkuhost.com/images/imag_user/no-image.jpg"
                                    alt="Profile image"&gt;
                                &lt;p class="mb-1 mt-3 font-weight-semibold"&gt;&lt;/p&gt;
                                &lt;p class="fw-light text-muted mb-0"&gt;&lt;/p&gt;
                            &lt;/div&gt;
                            &lt;a class="dropdown-item"&gt;&lt;i
                                    class="dropdown-item-icon mdi mdi-account-outline text-primary me-2"&gt;&lt;/i&gt; My
                                Profile &lt;span class="badge badge-pill badge-danger"&gt;1&lt;/span&gt;&lt;/a&gt;
                            &lt;a class="dropdown-item"&gt;&lt;i
                                    class="dropdown-item-icon mdi mdi-message-text-outline text-primary me-2"&gt;&lt;/i&gt;
                                Messages&lt;/a&gt;
                            &lt;a class="dropdown-item"&gt;&lt;i
                                    class="dropdown-item-icon mdi mdi-calendar-check-outline text-primary me-2"&gt;&lt;/i&gt;
                                Activity&lt;/a&gt;
                            &lt;a class="dropdown-item"&gt;&lt;i
                                    class="dropdown-item-icon mdi mdi-help-circle-outline text-primary me-2"&gt;&lt;/i&gt;
                                FAQ&lt;/a&gt;
                            &lt;a class="dropdown-item"&gt;&lt;i
                                    class="dropdown-item-icon mdi mdi-power text-primary me-2"&gt;&lt;/i&gt;Sign Out&lt;/a&gt; --&gt;
                    &lt;li class="nav-item d-none d-sm-inline-block"&gt;
                        &lt;a class="nav-link" href="https://cssoften0368.cpkkuhost.com/logout" onclick="event.preventDefault(); 
                        document.getElementById ('logout-form').submit();"&gt; Logout &lt;i class="mdi mdi-logout"&gt;&lt;/i&gt;&lt;/a&gt;
                        &lt;form id="logout-form" action="https://cssoften0368.cpkkuhost.com/logout" method="POST" class="d-none"&gt;
                            &lt;input type="hidden" name="_token" value="r6rROsKHpmj4jvzeMD8qQarliavknaQMm6Cqg50V"&gt;                        &lt;/form&gt;
                    &lt;/li&gt;
            &lt;/ul&gt;&lt;/div&gt;
            
            &lt;button class="navbar-toggler navbar-toggler-right d-lg-none align-self-center" type="button" data-bs-toggle="offcanvas"&gt;
                &lt;span class="mdi mdi-menu"&gt;&lt;/span&gt;
            &lt;/button&gt;

        &lt;/nav&gt;
        &lt;!-- navbar ข้างบน --&gt;
        &lt;div class="container-fluid page-body-wrapper"&gt;
            &lt;!-- Main Sidebar Container --&gt;
            &lt;!-- &lt;div class="theme-setting-wrapper"&gt;
                &lt;div id="settings-trigger"&gt;&lt;i class="mdi mdi-home"&gt;&lt;/i&gt;&lt;/div&gt;
            &lt;/div&gt; --&gt;
            &lt;nav class="sidebar sidebar-offcanvas" id="sidebar"&gt;
                &lt;ul class="nav"&gt;
                    &lt;li class="nav-item"&gt;
                            
                        
                            &lt;span class="nav-link"&gt;
                                &lt;strong&gt;English&lt;/strong&gt; |
                                                                                                                                                                &lt;a class="text-decoration-none" href="https://cssoften0368.cpkkuhost.com/lang/th"&gt;ภาษาไทย&lt;/a&gt; |
                                                                                                                                &lt;a class="text-decoration-none" href="https://cssoften0368.cpkkuhost.com/lang/cn"&gt;中文&lt;/a&gt; |
                                                                                            &lt;/span&gt;
                        
                            
                        &lt;br&gt;
                        &lt;a class="nav-link " href="https://cssoften0368.cpkkuhost.com/dashboard"&gt;
                            &lt;i class="menu-icon mdi mdi-grid-large"&gt;&lt;/i&gt;
                            &lt;span class="menu-title"&gt;Dashboard&lt;/span&gt;
                        &lt;/a&gt;
                    &lt;/li&gt;
                    &lt;li class="nav-item nav-category"&gt;Profile&lt;/li&gt;
                    &lt;li class="nav-item"&gt;
                        &lt;a class="nav-link " href="https://cssoften0368.cpkkuhost.com/profile"&gt;
                            &lt;i class="menu-icon mdi mdi-account-circle-outline"&gt;&lt;/i&gt;
                            &lt;span class="menu-title"&gt;User Profile&lt;/span&gt;

                        &lt;/a&gt;
                    &lt;/li&gt;
                    &lt;!-- &lt;li class="nav-item"&gt;
                        &lt;a class="nav-link "
                            href="https://cssoften0368.cpkkuhost.com/settings"&gt;
                            &lt;i class="menu-icon mdi mdi mdi-settings-outline"&gt;&lt;/i&gt;
                            &lt;span class="menu-title"&gt;Settings&lt;/span&gt;

                        &lt;/a&gt;
                    &lt;/li&gt; --&gt;
                    &lt;li class="nav-item nav-category"&gt;Option&lt;/li&gt;
                                        &lt;li class="nav-item"&gt;
                        &lt;a class="nav-link" href="https://cssoften0368.cpkkuhost.com/funds"&gt;
                            &lt;i class="menu-icon mdi mdi-file-document-box-outline"&gt;&lt;/i&gt;
                            &lt;span class="menu-title"&gt;Manage Fund&lt;/span&gt;

                        &lt;/a&gt;
                    &lt;/li&gt;
                                                            &lt;li class="nav-item"&gt;
                        &lt;a class="nav-link" href="https://cssoften0368.cpkkuhost.com/researchProjects"&gt;
                            &lt;i class="menu-icon mdi mdi-book-outline"&gt;&lt;/i&gt;
                            &lt;span class="menu-title"&gt;Research Project&lt;/span&gt;

                        &lt;/a&gt;
                    &lt;/li&gt;
                                                            &lt;li class="nav-item"&gt;
                        &lt;a class="nav-link" href="https://cssoften0368.cpkkuhost.com/researchGroups"&gt;
                            &lt;i class="menu-icon mdi mdi-view-dashboard-outline"&gt;&lt;/i&gt;
                            &lt;span class="menu-title"&gt;Reseach Group&lt;/span&gt;

                        &lt;/a&gt;
                    &lt;/li&gt;
                                                            &lt;li class="nav-item"&gt;
                        &lt;a class="nav-link" data-bs-toggle="collapse" href="#ManagePublications" aria-expanded="false" aria-controls="ManagePublications"&gt;
                            &lt;i class="menu-icon mdi mdi-book-open-page-variant"&gt;&lt;/i&gt;
                            &lt;span class="menu-title"&gt;Manage Publications&lt;/span&gt;
                            &lt;i class="menu-arrow"&gt;&lt;/i&gt;
                        &lt;/a&gt;
                        &lt;div class="collapse" id="ManagePublications"&gt;
                            &lt;ul class="nav flex-column sub-menu"&gt;
                                &lt;li class="nav-item"&gt; &lt;a class="nav-link" href="https://cssoften0368.cpkkuhost.com/papers"&gt;Published research&lt;/a&gt;&lt;/li&gt;
                                &lt;li class="nav-item"&gt; &lt;a class="nav-link" href="/books"&gt;Book&lt;/a&gt;&lt;/li&gt;
                                &lt;li class="nav-item"&gt; &lt;a class="nav-link" href="/patents"&gt;Other academic works&lt;/a&gt;&lt;/li&gt;
                            &lt;/ul&gt;
                        &lt;/div&gt;
                    &lt;/li&gt;
                                                                                &lt;li class="nav-item nav-category"&gt;Admin&lt;/li&gt;
                    &lt;li class="nav-item"&gt;
                        &lt;a class="nav-link" href="https://cssoften0368.cpkkuhost.com/users"&gt;
                            &lt;i class="menu-icon mdi mdi-account-multiple-outline"&gt;&lt;/i&gt;
                            &lt;span class="menu-title"&gt;Users&lt;/span&gt;

                        &lt;/a&gt;
                    &lt;/li&gt;
                                                            &lt;li class="nav-item"&gt;
                        &lt;a class="nav-link" href="https://cssoften0368.cpkkuhost.com/roles"&gt;
                            &lt;i class="menu-icon mdi mdi-chart-gantt"&gt;&lt;/i&gt;
                            &lt;span class="menu-title"&gt;Roles&lt;/span&gt;

                        &lt;/a&gt;
                    &lt;/li&gt;
                                                            &lt;li class="nav-item"&gt;
                        &lt;a class="nav-link" href="https://cssoften0368.cpkkuhost.com/permissions"&gt;
                            &lt;i class="menu-icon mdi mdi-checkbox-marked-circle-outline"&gt;&lt;/i&gt;
                            &lt;span class="menu-title"&gt;Permissions&lt;/span&gt;

                        &lt;/a&gt;
                    &lt;/li&gt;
                                                            &lt;li class="nav-item"&gt;
                        &lt;a class="nav-link" href="https://cssoften0368.cpkkuhost.com/departments"&gt;
                            &lt;i class="menu-icon mdi mdi-animation-outline"&gt;&lt;/i&gt;
                            &lt;span class="menu-title"&gt;Department&lt;/span&gt;

                        &lt;/a&gt;
                    &lt;/li&gt;
                    
                                        &lt;li class="nav-item"&gt;
                        &lt;a class="nav-link" href="https://cssoften0368.cpkkuhost.com/programs"&gt;
                            &lt;i class="menu-icon mdi mdi-format-list-bulleted"&gt;&lt;/i&gt;
                            &lt;span class="menu-title"&gt;Manage Programs&lt;/span&gt;

                        &lt;/a&gt;
                    &lt;/li&gt;
                                                            &lt;li class="nav-item active"&gt;
                        &lt;a class="nav-link" href="https://cssoften0368.cpkkuhost.com/experts"&gt;
                            &lt;i class="menu-icon mdi mdi-buffer"&gt;&lt;/i&gt;
                            &lt;span class="menu-title"&gt;Expertise&lt;/span&gt;

                        &lt;/a&gt;
                    &lt;/li&gt;
                                    &lt;/ul&gt;
            &lt;/nav&gt;

            &lt;!-- Content Wrapper. Contains page content --&gt;
            &lt;div class="main-panel"&gt;
                &lt;div class="content-wrapper" style="min-height: 10880px;"&gt;
                    &lt;div class="container"&gt;
    
    &lt;div class="card" style="padding: 16px;"&gt;
        &lt;div class="card-body"&gt;
            &lt;h4 class="card-title" style="text-align: center;"&gt;Teacher Expertise&lt;/h4&gt;
            &lt;div id="example1_wrapper" class="dataTables_wrapper dt-bootstrap4 no-footer"&gt;&lt;div class="row"&gt;&lt;div class="col-sm-12 col-md-6"&gt;&lt;div class="dataTables_length" id="example1_length"&gt;&lt;label&gt;Show &lt;select name="example1_length" aria-controls="example1" class="custom-select custom-select-sm form-control form-control-sm"&gt;&lt;option value="10"&gt;10&lt;/option&gt;&lt;option value="25"&gt;25&lt;/option&gt;&lt;option value="50"&gt;50&lt;/option&gt;&lt;option value="100"&gt;100&lt;/option&gt;&lt;/select&gt; entries&lt;/label&gt;&lt;/div&gt;&lt;/div&gt;&lt;div class="col-sm-12 col-md-6"&gt;&lt;div id="example1_filter" class="dataTables_filter"&gt;&lt;label&gt;Search:&lt;input type="search" class="form-control form-control-sm" placeholder="" aria-controls="example1"&gt;&lt;/label&gt;&lt;/div&gt;&lt;/div&gt;&lt;/div&gt;&lt;div class="row"&gt;&lt;div class="col-sm-12"&gt;&lt;table id="example1" class="table table-striped dataTable no-footer" role="grid" aria-describedby="example1_info"&gt;&lt;thead&gt;
                    &lt;tr role="row"&gt;&lt;th class="sorting_asc" tabindex="0" aria-controls="example1" rowspan="1" colspan="1" aria-label="ID: activate to sort column descending" style="width: 34.4125px;" aria-sort="ascending"&gt;ID&lt;/th&gt;&lt;th class="sorting" tabindex="0" aria-controls="example1" rowspan="1" colspan="1" aria-label="Teacher Name: activate to sort column ascending" style="width: 232.1px;"&gt;Teacher Name&lt;/th&gt;&lt;th class="sorting" tabindex="0" aria-controls="example1" rowspan="1" colspan="1" aria-label="Name: activate to sort column ascending" style="width: 507.2px;"&gt;Name&lt;/th&gt;&lt;th class="sorting" tabindex="0" aria-controls="example1" rowspan="1" colspan="1" aria-label="Action: activate to sort column ascending" style="width: 138.5px;"&gt;Action&lt;/th&gt;&lt;/tr&gt;
                &lt;/thead&gt;
                
                &lt;tbody&gt;
                                        
                                        
                                        
                                        
                                        
                                        
                                        
                                        
                                        
                                        
                                        
                                        
                                        
                                        
                                        
                                        
                                        
                                        
                                        
                                        
                                        
                                        
                                        
                                        
                                        
                                        
                                        
                                        
                                        
                                        
                                        
                                        
                                        
                                        
                                        
                                        
                                        
                                        
                                        
                                        
                                        
                                        
                                        
                                        
                                        
                                        
                                        
                                        
                                        
                                        
                                        
                                        
                                        
                                        
                                        
                                        
                                        
                                        
                                        
                                        
                                        
                                        
                                        
                                        
                                        
                                        
                                        
                                        
                                        
                                        
                                        
                                        
                                        
                                        
                                        
                                        
                                        
                                        
                                        
                                        
                                        
                                        
                                        
                                        
                                        
                                        
                                        
                                        
                                        
                                        
                                        
                                        
                                        
                                        
                                        
                                        
                                        
                                        
                                        
                                        
                                        
                                        
                                        
                                        
                                        
                                        
                                        
                                        
                                        
                                        
                                        
                                        
                                        
                                        
                                        
                                        
                                        
                                        
                                        
                                        
                                        
                                        
                                        
                                        
                                        
                                        
                                    &lt;tr class="dtrg-group dtrg-start dtrg-level-0"&gt;&lt;th colspan="4" scope="row"&gt;Sartra Wongthanavasu&lt;/th&gt;&lt;/tr&gt;&lt;tr id="expert_id_2" role="row" class="odd"&gt;
                        &lt;td class="sorting_1"&gt;1&lt;/td&gt;
                                                    &lt;td class=""&gt;
                                                                    Sartra Wongthanavasu
                                                            &lt;/td&gt;
                                                &lt;td&gt;
                                                            Big Data Analytics
                                                    &lt;/td&gt;
                        &lt;td&gt;
                            &lt;form action="https://cssoften0368.cpkkuhost.com/experts/2" method="POST"&gt;
                                &lt;li class="list-inline-item"&gt;
                                    &lt;a class="btn btn-outline-success btn-sm" id="edit-expertise" type="button" data-toggle="modal" data-id="2" data-placement="top" title="Edit" href="javascript:void(0)"&gt;
                                        &lt;i class="mdi mdi-pencil"&gt;&lt;/i&gt;
                                    &lt;/a&gt;
                                &lt;/li&gt;
                                &lt;input type="hidden" name="_token" value="r6rROsKHpmj4jvzeMD8qQarliavknaQMm6Cqg50V"&gt;                                &lt;meta name="csrf-token" content="r6rROsKHpmj4jvzeMD8qQarliavknaQMm6Cqg50V"&gt;
                                &lt;li class="list-inline-item"&gt;
                                    &lt;button class="btn btn-outline-danger btn-sm show_confirm" id="delete-expertise" type="submit" data-id="2" data-toggle="tooltip" data-placement="top" title="Delete"&gt;
                                        &lt;i class="mdi mdi-delete"&gt;&lt;/i&gt;
                                    &lt;/button&gt;
                                &lt;/li&gt;
                            &lt;/form&gt;
                        &lt;/td&gt;
                    &lt;/tr&gt;&lt;tr id="expert_id_3" role="row" class="even"&gt;
                        &lt;td class="sorting_1"&gt;2&lt;/td&gt;
                                                    &lt;td class=""&gt;
                                                                    Sartra Wongthanavasu
                                                            &lt;/td&gt;
                                                &lt;td&gt;
                                                            Computer Vision
                                                    &lt;/td&gt;
                        &lt;td&gt;
                            &lt;form action="https://cssoften0368.cpkkuhost.com/experts/3" method="POST"&gt;
                                &lt;li class="list-inline-item"&gt;
                                    &lt;a class="btn btn-outline-success btn-sm" id="edit-expertise" type="button" data-toggle="modal" data-id="3" data-placement="top" title="Edit" href="javascript:void(0)"&gt;
                                        &lt;i class="mdi mdi-pencil"&gt;&lt;/i&gt;
                                    &lt;/a&gt;
                                &lt;/li&gt;
                                &lt;input type="hidden" name="_token" value="r6rROsKHpmj4jvzeMD8qQarliavknaQMm6Cqg50V"&gt;                                &lt;meta name="csrf-token" content="r6rROsKHpmj4jvzeMD8qQarliavknaQMm6Cqg50V"&gt;
                                &lt;li class="list-inline-item"&gt;
                                    &lt;button class="btn btn-outline-danger btn-sm show_confirm" id="delete-expertise" type="submit" data-id="3" data-toggle="tooltip" data-placement="top" title="Delete"&gt;
                                        &lt;i class="mdi mdi-delete"&gt;&lt;/i&gt;
                                    &lt;/button&gt;
                                &lt;/li&gt;
                            &lt;/form&gt;
                        &lt;/td&gt;
                    &lt;/tr&gt;&lt;tr id="expert_id_4" role="row" class="odd"&gt;
                        &lt;td class="sorting_1"&gt;3&lt;/td&gt;
                                                    &lt;td class=""&gt;
                                                                    Sartra Wongthanavasu
                                                            &lt;/td&gt;
                                                &lt;td&gt;
                                                            Cellular Automata
                                                    &lt;/td&gt;
                        &lt;td&gt;
                            &lt;form action="https://cssoften0368.cpkkuhost.com/experts/4" method="POST"&gt;
                                &lt;li class="list-inline-item"&gt;
                                    &lt;a class="btn btn-outline-success btn-sm" id="edit-expertise" type="button" data-toggle="modal" data-id="4" data-placement="top" title="Edit" href="javascript:void(0)"&gt;
                                        &lt;i class="mdi mdi-pencil"&gt;&lt;/i&gt;
                                    &lt;/a&gt;
                                &lt;/li&gt;
                                &lt;input type="hidden" name="_token" value="r6rROsKHpmj4jvzeMD8qQarliavknaQMm6Cqg50V"&gt;                                &lt;meta name="csrf-token" content="r6rROsKHpmj4jvzeMD8qQarliavknaQMm6Cqg50V"&gt;
                                &lt;li class="list-inline-item"&gt;
                                    &lt;button class="btn btn-outline-danger btn-sm show_confirm" id="delete-expertise" type="submit" data-id="4" data-toggle="tooltip" data-placement="top" title="Delete"&gt;
                                        &lt;i class="mdi mdi-delete"&gt;&lt;/i&gt;
                                    &lt;/button&gt;
                                &lt;/li&gt;
                            &lt;/form&gt;
                        &lt;/td&gt;
                    &lt;/tr&gt;&lt;tr class="dtrg-group dtrg-start dtrg-level-0"&gt;&lt;th colspan="4" scope="row"&gt;Pusadee Seresangtakul&lt;/th&gt;&lt;/tr&gt;&lt;tr id="expert_id_100" role="row" class="even"&gt;
                        &lt;td class="sorting_1"&gt;4&lt;/td&gt;
                                                    &lt;td class=""&gt;
                                                                    Pusadee Seresangtakul
                                                            &lt;/td&gt;
                                                &lt;td&gt;
                                                            Natural Language and Speech Processing
                                                    &lt;/td&gt;
                        &lt;td&gt;
                            &lt;form action="https://cssoften0368.cpkkuhost.com/experts/100" method="POST"&gt;
                                &lt;li class="list-inline-item"&gt;
                                    &lt;a class="btn btn-outline-success btn-sm" id="edit-expertise" type="button" data-toggle="modal" data-id="100" data-placement="top" title="Edit" href="javascript:void(0)"&gt;
                                        &lt;i class="mdi mdi-pencil"&gt;&lt;/i&gt;
                                    &lt;/a&gt;
                                &lt;/li&gt;
                                &lt;input type="hidden" name="_token" value="r6rROsKHpmj4jvzeMD8qQarliavknaQMm6Cqg50V"&gt;                                &lt;meta name="csrf-token" content="r6rROsKHpmj4jvzeMD8qQarliavknaQMm6Cqg50V"&gt;
                                &lt;li class="list-inline-item"&gt;
                                    &lt;button class="btn btn-outline-danger btn-sm show_confirm" id="delete-expertise" type="submit" data-id="100" data-toggle="tooltip" data-placement="top" title="Delete"&gt;
                                        &lt;i class="mdi mdi-delete"&gt;&lt;/i&gt;
                                    &lt;/button&gt;
                                &lt;/li&gt;
                            &lt;/form&gt;
                        &lt;/td&gt;
                    &lt;/tr&gt;&lt;tr id="expert_id_101" role="row" class="odd"&gt;
                        &lt;td class="sorting_1"&gt;5&lt;/td&gt;
                                                    &lt;td class=""&gt;
                                                                    Pusadee Seresangtakul
                                                            &lt;/td&gt;
                                                &lt;td&gt;
                                                            Machine Learning and Intelligent Systems
                                                    &lt;/td&gt;
                        &lt;td&gt;
                            &lt;form action="https://cssoften0368.cpkkuhost.com/experts/101" method="POST"&gt;
                                &lt;li class="list-inline-item"&gt;
                                    &lt;a class="btn btn-outline-success btn-sm" id="edit-expertise" type="button" data-toggle="modal" data-id="101" data-placement="top" title="Edit" href="javascript:void(0)"&gt;
                                        &lt;i class="mdi mdi-pencil"&gt;&lt;/i&gt;
                                    &lt;/a&gt;
                                &lt;/li&gt;
                                &lt;input type="hidden" name="_token" value="r6rROsKHpmj4jvzeMD8qQarliavknaQMm6Cqg50V"&gt;                                &lt;meta name="csrf-token" content="r6rROsKHpmj4jvzeMD8qQarliavknaQMm6Cqg50V"&gt;
                                &lt;li class="list-inline-item"&gt;
                                    &lt;button class="btn btn-outline-danger btn-sm show_confirm" id="delete-expertise" type="submit" data-id="101" data-toggle="tooltip" data-placement="top" title="Delete"&gt;
                                        &lt;i class="mdi mdi-delete"&gt;&lt;/i&gt;
                                    &lt;/button&gt;
                                &lt;/li&gt;
                            &lt;/form&gt;
                        &lt;/td&gt;
                    &lt;/tr&gt;&lt;tr id="expert_id_102" role="row" class="even"&gt;
                        &lt;td class="sorting_1"&gt;6&lt;/td&gt;
                                                    &lt;td class=""&gt;
                                                                    Pusadee Seresangtakul
                                                            &lt;/td&gt;
                                                &lt;td&gt;
                                                            Database and Information Integration Systems
                                                    &lt;/td&gt;
                        &lt;td&gt;
                            &lt;form action="https://cssoften0368.cpkkuhost.com/experts/102" method="POST"&gt;
                                &lt;li class="list-inline-item"&gt;
                                    &lt;a class="btn btn-outline-success btn-sm" id="edit-expertise" type="button" data-toggle="modal" data-id="102" data-placement="top" title="Edit" href="javascript:void(0)"&gt;
                                        &lt;i class="mdi mdi-pencil"&gt;&lt;/i&gt;
                                    &lt;/a&gt;
                                &lt;/li&gt;
                                &lt;input type="hidden" name="_token" value="r6rROsKHpmj4jvzeMD8qQarliavknaQMm6Cqg50V"&gt;                                &lt;meta name="csrf-token" content="r6rROsKHpmj4jvzeMD8qQarliavknaQMm6Cqg50V"&gt;
                                &lt;li class="list-inline-item"&gt;
                                    &lt;button class="btn btn-outline-danger btn-sm show_confirm" id="delete-expertise" type="submit" data-id="102" data-toggle="tooltip" data-placement="top" title="Delete"&gt;
                                        &lt;i class="mdi mdi-delete"&gt;&lt;/i&gt;
                                    &lt;/button&gt;
                                &lt;/li&gt;
                            &lt;/form&gt;
                        &lt;/td&gt;
                    &lt;/tr&gt;&lt;tr id="expert_id_103" role="row" class="odd"&gt;
                        &lt;td class="sorting_1"&gt;7&lt;/td&gt;
                                                    &lt;td class=""&gt;
                                                                    Pusadee Seresangtakul
                                                            &lt;/td&gt;
                                                &lt;td&gt;
                                                            Data science and Artificial Intelligence
                                                    &lt;/td&gt;
                        &lt;td&gt;
                            &lt;form action="https://cssoften0368.cpkkuhost.com/experts/103" method="POST"&gt;
                                &lt;li class="list-inline-item"&gt;
                                    &lt;a class="btn btn-outline-success btn-sm" id="edit-expertise" type="button" data-toggle="modal" data-id="103" data-placement="top" title="Edit" href="javascript:void(0)"&gt;
                                        &lt;i class="mdi mdi-pencil"&gt;&lt;/i&gt;
                                    &lt;/a&gt;
                                &lt;/li&gt;
                                &lt;input type="hidden" name="_token" value="r6rROsKHpmj4jvzeMD8qQarliavknaQMm6Cqg50V"&gt;                                &lt;meta name="csrf-token" content="r6rROsKHpmj4jvzeMD8qQarliavknaQMm6Cqg50V"&gt;
                                &lt;li class="list-inline-item"&gt;
                                    &lt;button class="btn btn-outline-danger btn-sm show_confirm" id="delete-expertise" type="submit" data-id="103" data-toggle="tooltip" data-placement="top" title="Delete"&gt;
                                        &lt;i class="mdi mdi-delete"&gt;&lt;/i&gt;
                                    &lt;/button&gt;
                                &lt;/li&gt;
                            &lt;/form&gt;
                        &lt;/td&gt;
                    &lt;/tr&gt;&lt;tr class="dtrg-group dtrg-start dtrg-level-0"&gt;&lt;th colspan="4" scope="row"&gt;Sirapat Chiewchanwattana&lt;/th&gt;&lt;/tr&gt;&lt;tr id="expert_id_104" role="row" class="even"&gt;
                        &lt;td class="sorting_1"&gt;8&lt;/td&gt;
                                                    &lt;td class=""&gt;
                                                                    Sirapat Chiewchanwattana
                                                            &lt;/td&gt;
                                                &lt;td&gt;
                                                            Computational Intelligence
                                                    &lt;/td&gt;
                        &lt;td&gt;
                            &lt;form action="https://cssoften0368.cpkkuhost.com/experts/104" method="POST"&gt;
                                &lt;li class="list-inline-item"&gt;
                                    &lt;a class="btn btn-outline-success btn-sm" id="edit-expertise" type="button" data-toggle="modal" data-id="104" data-placement="top" title="Edit" href="javascript:void(0)"&gt;
                                        &lt;i class="mdi mdi-pencil"&gt;&lt;/i&gt;
                                    &lt;/a&gt;
                                &lt;/li&gt;
                                &lt;input type="hidden" name="_token" value="r6rROsKHpmj4jvzeMD8qQarliavknaQMm6Cqg50V"&gt;                                &lt;meta name="csrf-token" content="r6rROsKHpmj4jvzeMD8qQarliavknaQMm6Cqg50V"&gt;
                                &lt;li class="list-inline-item"&gt;
                                    &lt;button class="btn btn-outline-danger btn-sm show_confirm" id="delete-expertise" type="submit" data-id="104" data-toggle="tooltip" data-placement="top" title="Delete"&gt;
                                        &lt;i class="mdi mdi-delete"&gt;&lt;/i&gt;
                                    &lt;/button&gt;
                                &lt;/li&gt;
                            &lt;/form&gt;
                        &lt;/td&gt;
                    &lt;/tr&gt;&lt;tr id="expert_id_105" role="row" class="odd"&gt;
                        &lt;td class="sorting_1"&gt;9&lt;/td&gt;
                                                    &lt;td class=""&gt;
                                                                    Sirapat Chiewchanwattana
                                                            &lt;/td&gt;
                                                &lt;td&gt;
                                                            Machine Learning and Intelligent Systems
                                                    &lt;/td&gt;
                        &lt;td&gt;
                            &lt;form action="https://cssoften0368.cpkkuhost.com/experts/105" method="POST"&gt;
                                &lt;li class="list-inline-item"&gt;
                                    &lt;a class="btn btn-outline-success btn-sm" id="edit-expertise" type="button" data-toggle="modal" data-id="105" data-placement="top" title="Edit" href="javascript:void(0)"&gt;
                                        &lt;i class="mdi mdi-pencil"&gt;&lt;/i&gt;
                                    &lt;/a&gt;
                                &lt;/li&gt;
                                &lt;input type="hidden" name="_token" value="r6rROsKHpmj4jvzeMD8qQarliavknaQMm6Cqg50V"&gt;                                &lt;meta name="csrf-token" content="r6rROsKHpmj4jvzeMD8qQarliavknaQMm6Cqg50V"&gt;
                                &lt;li class="list-inline-item"&gt;
                                    &lt;button class="btn btn-outline-danger btn-sm show_confirm" id="delete-expertise" type="submit" data-id="105" data-toggle="tooltip" data-placement="top" title="Delete"&gt;
                                        &lt;i class="mdi mdi-delete"&gt;&lt;/i&gt;
                                    &lt;/button&gt;
                                &lt;/li&gt;
                            &lt;/form&gt;
                        &lt;/td&gt;
                    &lt;/tr&gt;&lt;tr id="expert_id_106" role="row" class="even"&gt;
                        &lt;td class="sorting_1"&gt;10&lt;/td&gt;
                                                    &lt;td class=""&gt;
                                                                    Sirapat Chiewchanwattana
                                                            &lt;/td&gt;
                                                &lt;td&gt;
                                                            Nature-Inspired Optimization Algorithm
                                                    &lt;/td&gt;
                        &lt;td&gt;
                            &lt;form action="https://cssoften0368.cpkkuhost.com/experts/106" method="POST"&gt;
                                &lt;li class="list-inline-item"&gt;
                                    &lt;a class="btn btn-outline-success btn-sm" id="edit-expertise" type="button" data-toggle="modal" data-id="106" data-placement="top" title="Edit" href="javascript:void(0)"&gt;
                                        &lt;i class="mdi mdi-pencil"&gt;&lt;/i&gt;
                                    &lt;/a&gt;
                                &lt;/li&gt;
                                &lt;input type="hidden" name="_token" value="r6rROsKHpmj4jvzeMD8qQarliavknaQMm6Cqg50V"&gt;                                &lt;meta name="csrf-token" content="r6rROsKHpmj4jvzeMD8qQarliavknaQMm6Cqg50V"&gt;
                                &lt;li class="list-inline-item"&gt;
                                    &lt;button class="btn btn-outline-danger btn-sm show_confirm" id="delete-expertise" type="submit" data-id="106" data-toggle="tooltip" data-placement="top" title="Delete"&gt;
                                        &lt;i class="mdi mdi-delete"&gt;&lt;/i&gt;
                                    &lt;/button&gt;
                                &lt;/li&gt;
                            &lt;/form&gt;
                        &lt;/td&gt;
                    &lt;/tr&gt;&lt;/tbody&gt;
[...]
                    &lt;input type="hidden" name="_token" value="r6rROsKHpmj4jvzeMD8qQarliavknaQMm6Cqg50V"&gt;                    &lt;div class="row"&gt;
                        &lt;div class="col-xs-12 col-sm-12 col-md-12"&gt;
                            &lt;div class="form-group"&gt;
                                &lt;strong&gt;Name:&lt;/strong&gt;
                                &lt;input type="text" name="expert_name" id="expert_name" class="form-control" placeholder="กรอกชื่อความเชี่ยวชาญ" onchange="validate()"&gt;
                            &lt;/div&gt;
                        &lt;/div&gt;
                        &lt;div class="col-xs-12 col-sm-12 col-md-12 text-center"&gt;
                            &lt;button type="submit" id="btn-save" name="btnsave" class="btn btn-primary" disabled=""&gt;
                                ส่ง
                            &lt;/button&gt;
                            &lt;a href="https://cssoften0368.cpkkuhost.com/experts" class="btn btn-danger"&gt;
                                Cancel
                            &lt;/a&gt;
                        &lt;/div&gt;
                    &lt;/div&gt;
                &lt;/form&gt;
            &lt;/div&gt;
        &lt;/div&gt;
    &lt;/div&gt;
&lt;/div&gt;


&lt;script src="https://code.jquery.com/jquery-3.3.1.js"&gt;&lt;/script&gt;

&lt;script src="https://cdn.datatables.net/1.10.18/js/jquery.dataTables.min.js" defer=""&gt;&lt;/script&gt;
&lt;script src="https://cdn.datatables.net/1.12.0/js/dataTables.bootstrap4.min.js" defer=""&gt;&lt;/script&gt;
&lt;script src="https://cdn.datatables.net/fixedheader/3.2.3/js/dataTables.fixedHeader.min.js" defer=""&gt;&lt;/script&gt;
&lt;script src="https://cdn.datatables.net/rowgroup/1.2.0/js/dataTables.rowGroup.min.js" defer=""&gt;&lt;/script&gt;


&lt;script src="https://unpkg.com/sweetalert/dist/sweetalert.min.js"&gt;&lt;/script&gt;

&lt;script&gt;
    //--- SINGLE DataTable Initialization ---
    $(document).ready(function() {
        let locale = "en";
        let languageSettings = {};

        if (locale === 'en') {
            languageSettings = {
                lengthMenu: "Show _MENU_ entries",
                zeroRecords: "No matching records found",
                info: "Showing _START_ to _END_ of _TOTAL_ entries",
                infoEmpty: "No records available",
                infoFiltered: "(filtered from _MAX_ total records)",
                search: "Search:",
                paginate: {
                    first: "First",
                    last: "Last",
                    next: "Next",
                    previous: "Previous"
                }
            };
        } else if (locale === 'cn') {
            languageSettings = {
                lengthMenu: "显示 _MENU_ 条目",
                zeroRecords: "未找到匹配的记录",
                info: "显示第 _START_ 至 _END_ 项结果，共 _TOTAL_ 项",
                infoEmpty: "没有可用记录",
                infoFiltered: "(从 _MAX_ 条记录中筛选)",
                search: "搜索:",
                paginate: {
                    first: "首页",
                    last: "末页",
                    next: "下页",
                    previous: "上页"
                }
            };
        } else {
            // Assume 'th' or other
            languageSettings = {
                lengthMenu: "แสดง _MENU_ รายการ",
                zeroRecords: "ไม่พบข้อมูลที่ตรงกัน",
                info: "แสดง _START_ ถึง _END_ จากทั้งหมด _TOTAL_ รายการ",
                infoEmpty: "ไม่มีข้อมูล",
                infoFiltered: "(กรองจากทั้งหมด _MAX_ รายการ)",
                search: "ค้นหา:",
                paginate: {
                    first: "หน้าแรก",
                    last: "หน้าสุดท้าย",
                    next: "ถัดไป",
                    previous: "ก่อนหน้า"
                }
            };
        }

        // Initialize DataTable
        $('#example1').DataTable({
            fixedHeader: true,
            language: languageSettings,
            order: [
                [1, 'asc']
            ],
            rowGroup: {
                dataSrc: 1
            }
        });
    });
&lt;/script&gt;

&lt;script&gt;
    //--- AJAX + Modal + Delete Script ---
    $(document).ready(function() {

        // When click New program button
        $('#new-program').click(function() {
            $('#btn-save').val("create-program");
            $('#program').trigger("reset");
            $('#programCrudModal').html("Add New Program");
            $('#crud-modal').modal('show');
        });

        // Edit program
        $('body').on('click', '#edit-program', function() {
            var program_id = $(this).data('id');
            $.get('programs/' + program_id + '/edit', function(data) {
                $('#programCrudModal').html("Edit Program");
                $('#btn-update').val("Update");
                $('#btn-save').prop('disabled', false);
                $('#crud-modal').modal('show');
                $('#pro_id').val(data.id);
                $('#program_name_th').val(data.program_name_th);
                $('#program_name_en').val(data.program_name_en);
                $('#degree').val(data.degree_id);
            });
        });

        // Validate form
        error = false;
        window.validate = function() {
            if (document.proForm.program_name_th.value !== '' &amp;&amp;
                document.proForm.program_name_en.value !== '') {
                document.proForm.btnsave.disabled = false;
            } else {
                document.proForm.btnsave.disabled = true;
            }
        };

        // Delete program
        // Note: This calls the SweetAlert with dynamic Cancel/OK
        $(document).on('click', '.show_confirm', function(e) {
            e.preventDefault();
            var form = $(this).closest("form");
            var token = $("meta[name='csrf-token']").attr("content");

            swal({
                title: "Are you sure?",
                text: "If you delete this, it will be gone forever.",
                icon: "warning",
                buttons: {
                    cancel: "Cancel", // ปุ่ม Cancel
                    confirm: "OK"     // ปุ่ม OK
                },
                dangerMode: true,
            })
            .then((willDelete) =&gt; {
                if (willDelete) {
                    swal("Deleted successfully!", {
                        icon: "success",
                        buttons: {
                            confirm: "OK"
                        },
                    }).then(function() {
                        location.reload();
                        form.submit();
                    });
                }
            });
        });
    });
&lt;/script&gt;

&lt;script&gt;
    //--- Enable/Disable submit button when typing expert_name ---
    function validate() {
        if (document.expForm.expert_name.value !== '')
            document.expForm.btnsave.disabled = false;
        else
            document.expForm.btnsave.disabled = true;
    }
&lt;/script&gt;

&lt;script type="text/javascript"&gt;
    // Example of using .show_confirm for dynamic Cancel/OK
    $('.show_confirm').click(function(event) {
        var form = $(this).closest("form");
        event.preventDefault();
        swal({
            title: "Are you sure?",
            text: "If you delete this, it will be gone forever.",
            icon: "warning",
            buttons: {
                cancel: "Cancel",
                confirm: "OK"
            },
            dangerMode: true,
        })
        .then((willDelete) =&gt; {
            if (willDelete) {
                swal("Deleted successfully!", {
                    icon: "success",
                    buttons: {
                        confirm: "OK"
                    },
                }).then(function() {
                    location.reload();
                    form.submit();
                });
            }
        });
    });
&lt;/script&gt;
                &lt;/div&gt;
                &lt;footer class="footer"&gt;
                    &lt;div class="d-sm-flex justify-content-center justify-content-sm-between"&gt;
                    &lt;/div&gt;
                &lt;/footer&gt;
            &lt;/div&gt;

        &lt;/div&gt;
    &lt;/div&gt;
    &lt;!-- plugins:js --&gt;
    &lt;script src="https://cssoften0368.cpkkuhost.com/vendors/js/vendor.bundle.base.js"&gt;&lt;/script&gt;
    &lt;!-- endinject --&gt;
    &lt;!-- Plugin js for this page --&gt;
    &lt;script src="https://cssoften0368.cpkkuhost.com/vendors/chart.js/Chart.min.js"&gt;&lt;/script&gt;
    &lt;script src="https://cssoften0368.cpkkuhost.com/vendors/bootstrap-datepicker/bootstrap-datepicker.min.js"&gt;&lt;/script&gt;
    &lt;script src="https://cssoften0368.cpkkuhost.com/vendors/progressbar.js/progressbar.min.js"&gt;&lt;/script&gt;

    &lt;!-- End plugin js for this page --&gt;
    &lt;!-- inject:js --&gt;
    &lt;script src="https://cssoften0368.cpkkuhost.com/js/off-canvas.js"&gt;&lt;/script&gt;
    &lt;script src="https://cssoften0368.cpkkuhost.com/js/hoverable-collapse.js"&gt;&lt;/script&gt;
    &lt;script src="https://cssoften0368.cpkkuhost.com/js/template.js"&gt;&lt;/script&gt;
    &lt;script src="https://cssoften0368.cpkkuhost.com/js/settings.js"&gt;&lt;/script&gt;
    &lt;script src="https://cssoften0368.cpkkuhost.com/js/todolist.js"&gt;&lt;/script&gt;
    &lt;!-- endinject --&gt;
    &lt;!-- Custom js for this page--&gt;
    &lt;script src="https://cssoften0368.cpkkuhost.com/js/dashboard.js"&gt;&lt;/script&gt;
    &lt;script src="https://cssoften0368.cpkkuhost.com/js/Chart.roundedBarCharts.js"&gt;&lt;/script&gt;
    &lt;!-- End custom js for this page--&gt;

    &lt;!-- Bootstrap 4 --&gt;
    &lt;script src="plugins/bootstrap/js/bootstrap.bundle.min.js"&gt;&lt;/script&gt;
    &lt;script src="https://cssoften0368.cpkkuhost.com/plugins/ijaboCropTool/ijaboCropTool.min.js"&gt;&lt;/script&gt;
    &lt;!-- AdminLTE App --&gt;
    &lt;script src="dist/js/adminlte.min.js"&gt;&lt;/script&gt;

    &lt;script src="https://stackpath.bootstrapcdn.com/bootstrap/4.1.1/js/bootstrap.bundle.min.js"&gt;&lt;/script&gt;
    &lt;script src="https://cdnjs.cloudflare.com/ajax/libs/bootstrap-select/1.13.1/js/bootstrap-select.min.js"&gt;&lt;/script&gt;

    &lt;!-- Select2 JS --&gt;
    &lt;script src="https://cdn.jsdelivr.net/npm/select2@4.1.0-beta.1/dist/js/select2.min.js"&gt;&lt;/script&gt;
    &lt;script src="https://cdnjs.cloudflare.com/ajax/libs/sweetalert/2.1.0/sweetalert.min.js"&gt;&lt;/script&gt;

    




&lt;/body&gt;&lt;/html&gt;</msg>
<arg>HTML Source: ${html_source}</arg>
<doc>Logs the given message with the given level.</doc>
<status status="PASS" start="2025-03-13T05:36:21.730871" elapsed="0.003006"/>
</kw>
<for flavor="IN">
<iter>
<kw name="Should Contain" owner="BuiltIn">
<arg>${html_source}</arg>
<arg>${text}</arg>
<doc>Fails if ``container`` does not contain ``item`` one or more times.</doc>
<status status="PASS" start="2025-03-13T05:36:21.733877" elapsed="0.001373"/>
</kw>
<var name="${text}">Teacher Expertise</var>
<status status="PASS" start="2025-03-13T05:36:21.733877" elapsed="0.001373"/>
</iter>
<iter>
<kw name="Should Contain" owner="BuiltIn">
<arg>${html_source}</arg>
<arg>${text}</arg>
<doc>Fails if ``container`` does not contain ``item`` one or more times.</doc>
<status status="PASS" start="2025-03-13T05:36:21.735250" elapsed="0.000000"/>
</kw>
<var name="${text}">ID</var>
<status status="PASS" start="2025-03-13T05:36:21.735250" elapsed="0.000000"/>
</iter>
<iter>
<kw name="Should Contain" owner="BuiltIn">
<arg>${html_source}</arg>
<arg>${text}</arg>
<doc>Fails if ``container`` does not contain ``item`` one or more times.</doc>
<status status="PASS" start="2025-03-13T05:36:21.736737" elapsed="0.000000"/>
</kw>
<var name="${text}">Teacher Name</var>
<status status="PASS" start="2025-03-13T05:36:21.735250" elapsed="0.001487"/>
</iter>
<iter>
<kw name="Should Contain" owner="BuiltIn">
<arg>${html_source}</arg>
<arg>${text}</arg>
<doc>Fails if ``container`` does not contain ``item`` one or more times.</doc>
<status status="PASS" start="2025-03-13T05:36:21.736737" elapsed="0.000505"/>
</kw>
<var name="${text}">Name</var>
<status status="PASS" start="2025-03-13T05:36:21.736737" elapsed="0.000505"/>
</iter>
<iter>
<kw name="Should Contain" owner="BuiltIn">
<arg>${html_source}</arg>
<arg>${text}</arg>
<doc>Fails if ``container`` does not contain ``item`` one or more times.</doc>
<status status="PASS" start="2025-03-13T05:36:21.737242" elapsed="0.000000"/>
</kw>
<var name="${text}">Action</var>
<status status="PASS" start="2025-03-13T05:36:21.737242" elapsed="0.000000"/>
</iter>
<iter>
<kw name="Should Contain" owner="BuiltIn">
<arg>${html_source}</arg>
<arg>${text}</arg>
<doc>Fails if ``container`` does not contain ``item`` one or more times.</doc>
<status status="PASS" start="2025-03-13T05:36:21.737242" elapsed="0.001005"/>
</kw>
<var name="${text}">Show</var>
<status status="PASS" start="2025-03-13T05:36:21.737242" elapsed="0.001005"/>
</iter>
<iter>
<kw name="Should Contain" owner="BuiltIn">
<arg>${html_source}</arg>
<arg>${text}</arg>
<doc>Fails if ``container`` does not contain ``item`` one or more times.</doc>
<status status="PASS" start="2025-03-13T05:36:21.738247" elapsed="0.000000"/>
</kw>
<var name="${text}">entries</var>
<status status="PASS" start="2025-03-13T05:36:21.738247" elapsed="0.000000"/>
</iter>
<iter>
<kw name="Should Contain" owner="BuiltIn">
<arg>${html_source}</arg>
<arg>${text}</arg>
<doc>Fails if ``container`` does not contain ``item`` one or more times.</doc>
<status status="PASS" start="2025-03-13T05:36:21.738247" elapsed="0.000000"/>
</kw>
<var name="${text}">Search:</var>
<status status="PASS" start="2025-03-13T05:36:21.738247" elapsed="0.000000"/>
</iter>
<iter>
<kw name="Should Contain" owner="BuiltIn">
<arg>${html_source}</arg>
<arg>${text}</arg>
<doc>Fails if ``container`` does not contain ``item`` one or more times.</doc>
<status status="PASS" start="2025-03-13T05:36:21.739247" elapsed="0.000000"/>
</kw>
<var name="${text}">Sartra Wongthanavasu</var>
<status status="PASS" start="2025-03-13T05:36:21.738247" elapsed="0.001000"/>
</iter>
<iter>
<kw name="Should Contain" owner="BuiltIn">
<arg>${html_source}</arg>
<arg>${text}</arg>
<doc>Fails if ``container`` does not contain ``item`` one or more times.</doc>
<status status="PASS" start="2025-03-13T05:36:21.739247" elapsed="0.000000"/>
</kw>
<var name="${text}">Big Data Analytics</var>
<status status="PASS" start="2025-03-13T05:36:21.739247" elapsed="0.000000"/>
</iter>
<iter>
<kw name="Should Contain" owner="BuiltIn">
<arg>${html_source}</arg>
<arg>${text}</arg>
<doc>Fails if ``container`` does not contain ``item`` one or more times.</doc>
<status status="PASS" start="2025-03-13T05:36:21.739247" elapsed="0.001000"/>
</kw>
<var name="${text}">Computer Vision</var>
<status status="PASS" start="2025-03-13T05:36:21.739247" elapsed="0.001000"/>
</iter>
<iter>
<kw name="Should Contain" owner="BuiltIn">
<arg>${html_source}</arg>
<arg>${text}</arg>
<doc>Fails if ``container`` does not contain ``item`` one or more times.</doc>
<status status="PASS" start="2025-03-13T05:36:21.740247" elapsed="0.000000"/>
</kw>
<var name="${text}">Cellular Automata</var>
<status status="PASS" start="2025-03-13T05:36:21.740247" elapsed="0.000000"/>
</iter>
<var>${text}</var>
<value>@{expected_texts}</value>
<status status="PASS" start="2025-03-13T05:36:21.733877" elapsed="0.006370"/>
</for>
<arg>@{EXPECTED_Expertise_PAGE_EN}</arg>
<status status="PASS" start="2025-03-13T05:36:21.721908" elapsed="0.018339"/>
</kw>
<kw name="Scroll Page Down Slightly">
<kw name="Execute Javascript" owner="SeleniumLibrary">
<msg time="2025-03-13T05:36:21.742250" level="INFO">Executing JavaScript:
window.scrollBy(0, 5000)
Without any arguments.</msg>
<arg>window.scrollBy(0, 5000)</arg>
<doc>Executes the given JavaScript code with possible arguments.</doc>
<status status="PASS" start="2025-03-13T05:36:21.741247" elapsed="0.004687"/>
</kw>
<kw name="Sleep" owner="BuiltIn">
<msg time="2025-03-13T05:36:22.247327" level="INFO">Slept 500 milliseconds.</msg>
<arg>0.5s</arg>
<doc>Pauses the test executed for the given time.</doc>
<status status="PASS" start="2025-03-13T05:36:21.745934" elapsed="0.501393"/>
</kw>
<status status="PASS" start="2025-03-13T05:36:21.741247" elapsed="0.506080"/>
</kw>
<kw name="Scroll Up">
<kw name="Execute Javascript" owner="SeleniumLibrary">
<msg time="2025-03-13T05:36:22.249431" level="INFO">Executing JavaScript:
window.scrollTo(0, 0)
Without any arguments.</msg>
<arg>window.scrollTo(0, 0)</arg>
<doc>Executes the given JavaScript code with possible arguments.</doc>
<status status="PASS" start="2025-03-13T05:36:22.248344" elapsed="0.005634"/>
</kw>
<status status="PASS" start="2025-03-13T05:36:22.248344" elapsed="0.005634"/>
</kw>
<kw name="Sleep" owner="BuiltIn">
<msg time="2025-03-13T05:36:24.255826" level="INFO">Slept 2 seconds.</msg>
<arg>2s</arg>
<doc>Pauses the test executed for the given time.</doc>
<status status="PASS" start="2025-03-13T05:36:22.255291" elapsed="2.000535"/>
</kw>
<kw name="Change Language">
<kw name="Click Element" owner="SeleniumLibrary">
<msg time="2025-03-13T05:36:24.256833" level="INFO">Clicking element 'xpath=//a[contains(text(), '中文')]'.</msg>
<arg>${language_button}</arg>
<doc>Click the element identified by ``locator``.</doc>
<status status="PASS" start="2025-03-13T05:36:24.256833" elapsed="2.051797"/>
</kw>
<kw name="Sleep" owner="BuiltIn">
<msg time="2025-03-13T05:36:29.309045" level="INFO">Slept 3 seconds.</msg>
<arg>3s</arg>
<doc>Pauses the test executed for the given time.</doc>
<status status="PASS" start="2025-03-13T05:36:26.308630" elapsed="3.000415"/>
</kw>
<arg>${LANG_TO_CHINESE}</arg>
<status status="PASS" start="2025-03-13T05:36:24.256833" elapsed="5.052212"/>
</kw>
<kw name="Click Element" owner="SeleniumLibrary">
<msg time="2025-03-13T05:36:29.310055" level="INFO">Clicking element 'xpath=//th[contains(@class, 'sorting') and contains(@aria-label, '编号')]'.</msg>
<msg time="2025-03-13T05:36:29.398719" level="INFO" html="true">&lt;/td&gt;&lt;/tr&gt;&lt;tr&gt;&lt;td colspan="3"&gt;&lt;a href="selenium-screenshot-22.png"&gt;&lt;img src="selenium-screenshot-22.png" width="800px"&gt;&lt;/a&gt;</msg>
<msg time="2025-03-13T05:36:29.398719" level="FAIL">Element with locator 'xpath=//th[contains(@class, 'sorting') and contains(@aria-label, '编号')]' not found.</msg>
<arg>${SORT_BY_ID_CN}</arg>
<doc>Click the element identified by ``locator``.</doc>
<status status="FAIL" start="2025-03-13T05:36:29.310055" elapsed="0.092671">Element with locator 'xpath=//th[contains(@class, 'sorting') and contains(@aria-label, '编号')]' not found.</status>
</kw>
<kw name="Scroll Page Down Slightly">
<status status="NOT RUN" start="2025-03-13T05:36:29.402726" elapsed="0.000000"/>
</kw>
<kw name="Scroll Up">
<status status="NOT RUN" start="2025-03-13T05:36:29.404184" elapsed="0.000000"/>
</kw>
<kw name="Sleep" owner="BuiltIn">
<arg>2s</arg>
<doc>Pauses the test executed for the given time.</doc>
<status status="NOT RUN" start="2025-03-13T05:36:29.404184" elapsed="0.000000"/>
</kw>
<kw name="Logout">
<status status="NOT RUN" start="2025-03-13T05:36:29.405193" elapsed="0.000000"/>
</kw>
<kw name="Close Browser" owner="SeleniumLibrary" type="TEARDOWN">
<doc>Closes the current browser.</doc>
<status status="PASS" start="2025-03-13T05:36:29.405193" elapsed="2.145299"/>
</kw>
<status status="FAIL" start="2025-03-13T05:35:58.321594" elapsed="33.228898">Element with locator 'xpath=//th[contains(@class, 'sorting') and contains(@aria-label, '编号')]' not found.</status>
</test>
<status status="FAIL" start="2025-03-13T05:35:57.996231" elapsed="33.556791"/>
</suite>
<statistics>
<total>
<stat pass="0" fail="1" skip="0">All Tests</stat>
</total>
<tag>
</tag>
<suite>
<stat name="UAT 017 Expertise" id="s1" pass="0" fail="1" skip="0">UAT 017 Expertise</stat>
</suite>
</statistics>
<errors>
</errors>
</robot>
