<?xml version="1.0" encoding="UTF-8"?>
<robot generator="Robot 7.2.2 (Python 3.11.8 on win32)" generated="2025-03-12T23:30:01.039450" rpa="false" schemaversion="5">
<suite id="s1" name="UAT 020 researchProj visitor" source="d:\Cs2567-2\SoftwareEn\LocalRepo\git-group-repository-group-3-sec-3\InitialProject\tests\Unit\UAT_020_researchProj_visitor.robot">
<test id="s1-t1" name="Test Research Project from Thai to Chinese" line="161">
<kw name="Open Browser To Report Page">
<kw name="Open Browser" owner="SeleniumLibrary">
<msg time="2025-03-12T23:30:01.422816" level="INFO">Opening browser 'chrome' to base url 'https://cssoften0368.cpkkuhost.com'.</msg>
<arg>${URL}</arg>
<arg>${BROWSER}</arg>
<doc>Opens a new browser instance to the optional ``url``.</doc>
<status status="PASS" start="2025-03-12T23:30:01.421556" elapsed="7.911648"/>
</kw>
<kw name="Maximize Browser Window" owner="SeleniumLibrary">
<doc>Maximizes current browser window.</doc>
<status status="PASS" start="2025-03-12T23:30:09.334204" elapsed="0.032413"/>
</kw>
<status status="PASS" start="2025-03-12T23:30:01.421556" elapsed="7.945061"/>
</kw>
<kw name="Sleep" owner="BuiltIn">
<msg time="2025-03-12T23:30:12.368278" level="INFO">Slept 3 seconds.</msg>
<arg>${WAIT_TIME}</arg>
<doc>Pauses the test executed for the given time.</doc>
<status status="PASS" start="2025-03-12T23:30:09.368058" elapsed="3.000220"/>
</kw>
<kw name="Go To Research Project">
<kw name="Wait Until Element Is Visible" owner="SeleniumLibrary">
<arg>${RESEARCH_PROJECT_MENU}</arg>
<arg>timeout=10s</arg>
<doc>Waits until the element ``locator`` is visible.</doc>
<status status="PASS" start="2025-03-12T23:30:12.369290" elapsed="0.037240"/>
</kw>
<kw name="Scroll Element Into View" owner="SeleniumLibrary">
<arg>${RESEARCH_PROJECT_MENU}</arg>
<doc>Scrolls the element identified by ``locator`` into view.</doc>
<status status="PASS" start="2025-03-12T23:30:12.406530" elapsed="0.279858"/>
</kw>
<kw name="Sleep" owner="BuiltIn">
<msg time="2025-03-12T23:30:13.687905" level="INFO">Slept 1 second.</msg>
<arg>1s</arg>
<doc>Pauses the test executed for the given time.</doc>
<status status="PASS" start="2025-03-12T23:30:12.686388" elapsed="1.001517"/>
</kw>
<kw name="Click Element" owner="SeleniumLibrary">
<msg time="2025-03-12T23:30:13.688911" level="INFO">Clicking element 'xpath=//nav//a[contains(@class, 'nav-link') and contains(text(), 'โครงการวิจัย')]'.</msg>
<arg>${RESEARCH_PROJECT_MENU}</arg>
<doc>Click the element identified by ``locator``.</doc>
<status status="PASS" start="2025-03-12T23:30:13.687905" elapsed="3.077953"/>
</kw>
<kw name="Sleep" owner="BuiltIn">
<msg time="2025-03-12T23:30:18.767135" level="INFO">Slept 2 seconds.</msg>
<arg>2s</arg>
<doc>Pauses the test executed for the given time.</doc>
<status status="PASS" start="2025-03-12T23:30:16.765858" elapsed="2.001277"/>
</kw>
<status status="PASS" start="2025-03-12T23:30:12.369290" elapsed="6.397845"/>
</kw>
<kw name="Sleep" owner="BuiltIn">
<msg time="2025-03-12T23:30:19.768436" level="INFO">Slept 1 second.</msg>
<arg>1s</arg>
<doc>Pauses the test executed for the given time.</doc>
<status status="PASS" start="2025-03-12T23:30:18.768200" elapsed="1.000236"/>
</kw>
<kw name="Verify Page Contains Multiple Texts">
<kw name="Get Source" owner="SeleniumLibrary">
<msg time="2025-03-12T23:30:19.779023" level="INFO">${html_source} = &lt;html lang="th" class="hydrated"&gt;&lt;head&gt;
    &lt;meta charset="UTF-8"&gt;&lt;style data-styles=""&gt;ion-icon{visibility:hidden}.hydrated{visibility:inherit}&lt;/style&gt;
    &lt;meta name="viewport" content="width=device...</msg>
<var>${html_source}</var>
<doc>Returns the entire HTML source of the current page or frame.</doc>
<status status="PASS" start="2025-03-12T23:30:19.769747" elapsed="0.009276"/>
</kw>
<kw name="Log" owner="BuiltIn">
<msg time="2025-03-12T23:30:19.780028" level="INFO">HTML Source: &lt;html lang="th" class="hydrated"&gt;&lt;head&gt;
    &lt;meta charset="UTF-8"&gt;&lt;style data-styles=""&gt;ion-icon{visibility:hidden}.hydrated{visibility:inherit}&lt;/style&gt;
    &lt;meta name="viewport" content="width=device-width, initial-scale=1.0"&gt;
    &lt;meta http-equiv="X-UA-Compatible" content="ie=edge"&gt;
    &lt;title&gt;ระบบข้อมูลงานวิจัย วิทยาลัยการคอมพิวเตอร์&lt;/title&gt;
    &lt;base href="https://cssoften0368.cpkkuhost.com"&gt;
    &lt;link href="img/Newlogo.png" rel="shortcut icon" type="image/x-icon"&gt;

    &lt;!-- Stylesheets --&gt;
    &lt;link href="https://cssoften0368.cpkkuhost.com/css/app.css" rel="stylesheet"&gt;
    &lt;link href="https://cssoften0368.cpkkuhost.com/css/load-more-button.css" rel="stylesheet"&gt;
    &lt;link href="https://cssoften0368.cpkkuhost.com/css/style.css" rel="stylesheet"&gt;

    &lt;!-- Bootstrap &amp; Icons --&gt;
    &lt;link rel="stylesheet" href="https://cssoften0368.cpkkuhost.com/vendor/bootstrap/css/bootstrap.min.css"&gt;
    &lt;script src="https://cssoften0368.cpkkuhost.com/js/jquery-3.6.0.min.js"&gt;&lt;/script&gt;
    &lt;script src="https://cssoften0368.cpkkuhost.com/vendor/bootstrap/js/bootstrap.min.js"&gt;&lt;/script&gt;
    &lt;link rel="stylesheet" href="https://cdnjs.cloudflare.com/ajax/libs/font-awesome/4.7.0/css/font-awesome.min.css"&gt;
    &lt;link rel="stylesheet" href="https://cssoften0368.cpkkuhost.com/vendors/mdi/css/materialdesignicons.min.css"&gt;
    &lt;link rel="stylesheet" href="https://cssoften0368.cpkkuhost.com/vendors/ti-icons/css/themify-icons.css"&gt;
    &lt;link rel="stylesheet" href="https://cssoften0368.cpkkuhost.com/vendors/typicons/typicons.css"&gt;
    &lt;link rel="stylesheet" href="https://cssoften0368.cpkkuhost.com/vendors/simple-line-icons/css/simple-line-icons.css"&gt;
    &lt;link rel="stylesheet" href="https://fonts.googleapis.com/icon?family=Material+Icons"&gt;

    &lt;!-- DataTables --&gt;
    &lt;link rel="stylesheet" type="text/css" href="https://cdnjs.cloudflare.com/ajax/libs/twitter-bootstrap/5.0.1/css/bootstrap.css"&gt;
    &lt;link rel="stylesheet" type="text/css" href="https://cdn.datatables.net/1.11.3/css/dataTables.bootstrap5.css"&gt;
    &lt;link rel="stylesheet" type="text/css" href="https://cdn.datatables.net/responsive/2.2.9/css/responsive.bootstrap5.css"&gt;

    &lt;!-- Language Flags --&gt;
    &lt;link href="https://cdnjs.cloudflare.com/ajax/libs/flag-icon-css/3.1.0/css/flag-icon.min.css" rel="stylesheet"&gt;

    &lt;!-- Icons --&gt;
    &lt;script type="module" src="https://unpkg.com/ionicons@5.5.2/dist/ionicons/ionicons.esm.js"&gt;&lt;/script&gt;
    &lt;script nomodule="" src="https://unpkg.com/ionicons@5.5.2/dist/ionicons/ionicons.js"&gt;&lt;/script&gt;

    &lt;!-- Scripts --&gt;
    &lt;script src="https://cssoften0368.cpkkuhost.com/js/app.js"&gt;&lt;/script&gt;


&lt;/head&gt;

&lt;body&gt;
    &lt;!-- Navigation --&gt;
    &lt;nav id="navbar" class="navbar navbar-expand-lg navbar-light"&gt;
        &lt;div class="container-fluid"&gt;
                        &lt;a class="navbar-brand logo-image" href="#"&gt;
                &lt;img src="https://cssoften0368.cpkkuhost.com/img/th/logo2.png" alt="Logo"&gt;
            &lt;/a&gt;

            &lt;button class="navbar-toggler" type="button" data-bs-toggle="collapse" data-bs-target="#collapsibleNavbar" aria-controls="navbarNav" aria-expanded="false" aria-label="Toggle navigation"&gt;
                &lt;span class="navbar-toggler-icon"&gt;&lt;/span&gt;
            &lt;/button&gt;

            &lt;div class="collapse navbar-collapse" id="collapsibleNavbar"&gt;
                &lt;ul class="navbar-nav ms-auto navbar-nav-scroll"&gt;
                    &lt;li class="nav-item "&gt;
                        &lt;a class="nav-link" href="/"&gt;หน้าแรก&lt;/a&gt;
                    &lt;/li&gt;
                    &lt;li class="nav-item dropdown  "&gt;
                        &lt;a class="nav-link dropdown-toggle" id="navbarDropdown" role="button" data-bs-toggle="dropdown" aria-expanded="false"&gt;
                            ผู้วิจัย
                        &lt;/a&gt;
                        &lt;ul class="dropdown-menu" aria-labelledby="navbarDropdown"&gt;
                                                        &lt;li&gt;&lt;a class="dropdown-item" href="https://cssoften0368.cpkkuhost.com/researchers/1"&gt;
                                    &lt;!-- Computer Science --&gt;
                                                                    สาขาวิชาวิทยาการคอมพิวเตอร์
                                                                
                                &lt;/a&gt;
                            &lt;/li&gt;
                                                        &lt;li&gt;&lt;a class="dropdown-item" href="https://cssoften0368.cpkkuhost.com/researchers/2"&gt;
                                    &lt;!-- Infomation Technology --&gt;
                                                                    สาขาวิชาเทคโนโลยีสารสนเทศ
                                                                
                                &lt;/a&gt;
                            &lt;/li&gt;
                                                        &lt;li&gt;&lt;a class="dropdown-item" href="https://cssoften0368.cpkkuhost.com/researchers/3"&gt;
                                    &lt;!-- Geo-Informatics --&gt;
                                                                    สาขาวิชาภูมิสารสนเทศศาสตร์ 
                                                                
                                &lt;/a&gt;
                            &lt;/li&gt;
                                                    &lt;/ul&gt;
                    &lt;/li&gt;
                    &lt;li class="nav-item active"&gt;
                        &lt;a class="nav-link" href="/researchproject"&gt;โครงการวิจัย&lt;/a&gt;
                    &lt;/li&gt;
                    &lt;li class="nav-item "&gt;
                        &lt;a class="nav-link" href="/researchgroup"&gt;กลุ่มวิจัย&lt;/a&gt;
                    &lt;/li&gt;
                    &lt;li class="nav-item "&gt;
                        &lt;a class="nav-link" href="/reports"&gt;รายงาน&lt;/a&gt;
                    &lt;/li&gt;

                    &lt;!-- change language --&gt;
                    &lt;!-- &lt;li class="nav-item "&gt;
                        &lt;a class="nav-link " href="#" id="navbarDropdownMenuLink"
                            aria-haspopup="true" aria-expanded="false"&gt;
                             &lt;span
                                class="flag-icon flag-icon-th"&gt;&lt;/span&gt; 
                            ภาษาไทย
                        &lt;/a&gt;
                        &lt;span&gt;

                                                        &lt;a class="dropdown-item" href="https://cssoften0368.cpkkuhost.com/lang/en"&gt;

                                English&lt;/a&gt;
                                                                                                                                            &lt;a class="dropdown-item" href="https://cssoften0368.cpkkuhost.com/lang/cn"&gt;

                                中文&lt;/a&gt;
                                                        
                        &lt;/span&gt;
                    &lt;/li&gt; --&gt;

                    &lt;li class="nav-item"&gt;
                        &lt;span class="nav-link"&gt;
                            &lt;strong&gt;ภาษาไทย&lt;/strong&gt; |
                                                                                    &lt;a class="text-decoration-none" href="https://cssoften0368.cpkkuhost.com/lang/en"&gt;English&lt;/a&gt; |
                                                                                                                                                                        &lt;a class="text-decoration-none" href="https://cssoften0368.cpkkuhost.com/lang/cn"&gt;中文&lt;/a&gt; |
                                                                                &lt;/span&gt;
                    &lt;/li&gt;
                &lt;/ul&gt;

                                                            &lt;span class="nav-item"&gt;
                            &lt;a class="btn-solid-sm" href="/login" target="_blank"&gt;เข้าสู่ระบบ&lt;/a&gt;
                        &lt;/span&gt;
                                                &lt;/div&gt;
        &lt;/div&gt;
    &lt;/nav&gt;

    &lt;!-- Content --&gt;
    
&lt;div class="container refund"&gt;
    &lt;p&gt;โครงการบริการวิชาการ/ โครงการวิจัย&lt;/p&gt;

    &lt;div class="table-refund table-responsive"&gt;
        &lt;div id="example1_wrapper" class="dataTables_wrapper dt-bootstrap4 no-footer"&gt;&lt;div class="row"&gt;&lt;div class="col-sm-12 col-md-6"&gt;&lt;div class="dataTables_length" id="example1_length"&gt;&lt;label&gt;แสดง &lt;select name="example1_length" aria-controls="example1" class="custom-select custom-select-sm form-control form-control-sm"&gt;&lt;option value="10"&gt;10&lt;/option&gt;&lt;option value="25"&gt;25&lt;/option&gt;&lt;option value="50"&gt;50&lt;/option&gt;&lt;option value="100"&gt;100&lt;/option&gt;&lt;/select&gt; รายการ&lt;/label&gt;&lt;/div&gt;&lt;/div&gt;&lt;div class="col-sm-12 col-md-6"&gt;&lt;div id="example1_filter" class="dataTables_filter"&gt;&lt;label&gt;ค้นหา:&lt;input type="search" class="form-control form-control-sm" placeholder="" aria-controls="example1"&gt;&lt;/label&gt;&lt;/div&gt;&lt;/div&gt;&lt;/div&gt;&lt;div class="row"&gt;&lt;div class="col-sm-12"&gt;&lt;table id="example1" class="table table-striped dataTable no-footer" style="width:100%" role="grid" aria-describedby="example1_info"&gt;
            &lt;thead&gt;
                &lt;tr role="row"&gt;&lt;th style="font-weight: bold; width: 32.175px;" class="sorting_asc" tabindex="0" aria-controls="example1" rowspan="1" colspan="1" aria-sort="ascending" aria-label="ลำดับ: activate to sort column descending"&gt;ลำดับ&lt;/th&gt;&lt;th class="col-md-1 sorting" style="font-weight: bold; width: 64.7125px;" tabindex="0" aria-controls="example1" rowspan="1" colspan="1" aria-label="ปี: activate to sort column ascending"&gt;ปี&lt;/th&gt;&lt;th class="col-md-4 sorting" style="font-weight: bold; width: 370.862px;" tabindex="0" aria-controls="example1" rowspan="1" colspan="1" aria-label="ชื่อโครงการ: activate to sort column ascending"&gt;ชื่อโครงการ&lt;/th&gt;&lt;th class="col-md-4 sorting" style="font-weight: bold; width: 364.975px;" tabindex="0" aria-controls="example1" rowspan="1" colspan="1" aria-label="รายละเอียด: activate to sort column ascending"&gt;รายละเอียด&lt;/th&gt;&lt;th class="col-md-2 sorting" style="font-weight: bold; width: 166.863px;" tabindex="0" aria-controls="example1" rowspan="1" colspan="1" aria-label="ผู้รับผิดชอบโครงการ: activate to sort column ascending"&gt;ผู้รับผิดชอบโครงการ&lt;/th&gt;&lt;th class="col-md-1 sorting" style="font-weight: bold; width: 68.4125px;" tabindex="0" aria-controls="example1" rowspan="1" colspan="1" aria-label="สถานะ: activate to sort column ascending"&gt;สถานะ&lt;/th&gt;&lt;/tr&gt;
            &lt;/thead&gt;


            &lt;tbody&gt;
                                
                                
                                
                                
                                
                                
                                
                                
                                
                                
                                
                                
                                
                                
                                
                                
                                
                                
                                
                                
                                
                                
                                
                                
                                
                            &lt;tr role="row" class="odd"&gt;
                    &lt;td style="vertical-align: top;text-align: left;" class="sorting_1"&gt;1&lt;/td&gt;
                    &lt;td style="vertical-align: top;text-align: left;"&gt;
                        &lt;!-- 2563 --&gt;
                                                &lt;!-- 2020  --&gt;
                        &lt;!-- 2025-03-12 20:20:00  --&gt;
                        2563
                                            &lt;/td&gt;
                    &lt;td style="vertical-align: top;text-align: left;"&gt;
                        การจัดอบรมหลักสูตรประกาศนียบัตร (Non-Degree) โครงการพัฒนาทักษะกำลังคนของประเทศ (Reskill/Upskill/Newskill) เพื่อการมีงานทำและเตรียมความพร้อมรองรับการทำงานในอนาคตหลังวิกฤตการระบาดของไวรัสโคโรนา 2019 (COVID-19)

                    &lt;/td&gt;
                    &lt;td&gt;
                        &lt;div style="padding-bottom: 10px"&gt;

                            &lt;!--                             &lt;span style="font-weight: bold;"&gt;
                                ระยะเวลาโครงการ
                            &lt;/span&gt;
                            &lt;span style="padding-left: 10px;"&gt;
                                1 สิงหาคม 2563 ถึง 19 สิงหาคม 2563
                                
                            &lt;/span&gt;
                             --&gt;
                                                        &lt;span style="font-weight: bold;"&gt;
                                ระยะเวลาโครงการ

                            &lt;/span&gt;
                            &lt;span style="padding-left: 10px;"&gt;
                                                                1 สิงหาคม
                                2563
                                ถึง
                                19 สิงหาคม
                                2563
                                                            &lt;/span&gt;
                            


                        &lt;/div&gt;


                        &lt;!--                     &lt;td&gt;1 สิงหาคม 2563&lt;br&gt;ถึง 19 สิงหาคม 2563&lt;/td&gt;
                     --&gt;

                        &lt;!-- &lt;td&gt;                        ธนพล ตั้งชูพงศ์&lt;br&gt;
                                                วรัญญา วรรณศรี&lt;br&gt;
                                            &lt;/td&gt; --&gt;
                        &lt;!-- &lt;td&gt;
                                                ทุนภายนอก
                                            &lt;/td&gt; --&gt;
                        &lt;!-- &lt;td&gt;                        สำนักงานปลัดกระทรวงอุดมศึกษา วิทยาศาสตร์ วิจัยและนวัตกรรม
                                            &lt;/td&gt; --&gt;
                        &lt;!-- &lt;td&gt;90000&lt;/td&gt; --&gt;
                        &lt;div style="padding-bottom: 10px;"&gt;
                            &lt;span style="font-weight: bold;"&gt;ประเภทของทุนวิจัย&lt;/span&gt;


                            &lt;span style="padding-left: 10px;"&gt;

                                                                ทุนภายนอก
                                
                            &lt;/span&gt;
                        &lt;/div&gt;
                        &lt;div style="padding-bottom: 10px;"&gt;
                            &lt;span style="font-weight: bold;"&gt;หน่วยงานที่สนันสนุนทุน&lt;/span&gt;
                            &lt;span style="padding-left: 10px;"&gt;
                                &lt;!--                                 สำนักงานปลัดกระทรวงอุดมศึกษา วิทยาศาสตร์ วิจัยและนวัตกรรม
                                &lt;/span&gt; --&gt;

                                &lt;!--                                 สำนักงานปลัดกระทรวงอุดมศึกษา วิทยาศาสตร์ วิจัยและนวัตกรรม
                                 --&gt;

                                                                                                สำนักงานปลัดกระทรวงอุดมศึกษา วิทยาศาสตร์ วิจัยและนวัตกรรม
                                




                        &lt;/span&gt;&lt;/div&gt;
                        &lt;div style="padding-bottom: 10px;"&gt;
                            &lt;span style="font-weight: bold;"&gt;หน่วยงานที่รับผิดชอบ&lt;/span&gt;
                            &lt;span style="padding-left: 10px;"&gt;
                                                                สาขาวิชาวิทยาการคอมพิวเตอร์
                                                            &lt;/span&gt;
                        &lt;/div&gt;

                        &lt;div style="padding-bottom: 10px;"&gt;

                            &lt;span style="font-weight: bold;"&gt;งบประมาณที่ได้รับจัดสรร&lt;/span&gt;
                            &lt;span style="padding-left: 10px;"&gt; 90,000 บาท&lt;/span&gt;
                        &lt;/div&gt;
                    &lt;/td&gt;

                    &lt;td style="vertical-align: top;text-align: left;"&gt;
                        &lt;!-- &lt;div style="padding-bottom: 10px;"&gt;
                            &lt;span&gt;                                อ. ธนพล ตั้งชูพงศ์&lt;br&gt;
                                                                อ.ดร. วรัญญา วรรณศรี&lt;br&gt;
                                &lt;/span&gt;
                        &lt;/div&gt; --&gt;

                        &lt;div style="padding-bottom: 10px;"&gt;
                            &lt;span&gt;

                                                                                                
                                                                อ. ธนพล ตั้งชูพงศ์
                                &lt;br&gt;
                                                                                                                                                                
                                                                อ.ดร. วรัญญา วรรณศรี
                                &lt;br&gt;
                                                                                                                        &lt;/span&gt;&lt;/div&gt;

                    &lt;/td&gt;
                                        &lt;td style="vertical-align: top;text-align: left;"&gt;
                        &lt;h6&gt;&lt;label class="badge bg-dark"&gt;ปิดโครงการ&lt;/label&gt;
                            &lt;/h6&gt;&lt;h6&gt;
                    &lt;/h6&gt;&lt;/td&gt;
                                        &lt;!-- &lt;td&gt;&lt;/td&gt;
                    &lt;td&gt;&lt;/td&gt; --&gt;
                &lt;/tr&gt;&lt;tr role="row" class="even"&gt;
                    &lt;td style="vertical-align: top;text-align: left;" class="sorting_1"&gt;2&lt;/td&gt;
                    &lt;td style="vertical-align: top;text-align: left;"&gt;
                        &lt;!-- 2562 --&gt;
                                                &lt;!-- 2025  --&gt;
                        &lt;!-- 2025-03-12 20:19:00  --&gt;
                        2562
                                            &lt;/td&gt;
                    &lt;td style="vertical-align: top;text-align: left;"&gt;
                        Statistical Thai – Isarn Dialect Machine Translation System using Parallel Corpus

                    &lt;/td&gt;
                    &lt;td&gt;
                        &lt;div style="padding-bottom: 10px"&gt;

                            &lt;!--                             &lt;span style="font-weight: bold;"&gt;
                                ระยะเวลาโครงการ
                            &lt;/span&gt;
                            &lt;span&gt;

                            &lt;/span&gt;
                             --&gt;
                                                        &lt;span style="font-weight: bold;"&gt;
                                ระยะเวลาโครงการ

                            &lt;/span&gt;

                            


                        &lt;/div&gt;


                        &lt;!--                     &lt;td&gt;&lt;/td&gt;
                     --&gt;

                        &lt;!-- &lt;td&gt;                        พุธษดี ศิริแสงตระกูล&lt;br&gt;
                                            &lt;/td&gt; --&gt;
                        &lt;!-- &lt;td&gt;
                                                ทุนภายใน
                                            &lt;/td&gt; --&gt;
                        &lt;!-- &lt;td&gt;                        มหาวิทยาลัยขอนแก่น
                                            &lt;/td&gt; --&gt;
                        &lt;!-- &lt;td&gt;80000&lt;/td&gt; --&gt;
                        &lt;div style="padding-bottom: 10px;"&gt;
                            &lt;span style="font-weight: bold;"&gt;ประเภทของทุนวิจัย&lt;/span&gt;


                            &lt;span style="padding-left: 10px;"&gt;

                                                                ทุนภายใน
                                
                            &lt;/span&gt;
                        &lt;/div&gt;
                        &lt;div style="padding-bottom: 10px;"&gt;
                            &lt;span style="font-weight: bold;"&gt;หน่วยงานที่สนันสนุนทุน&lt;/span&gt;
                            &lt;span style="padding-left: 10px;"&gt;
                                &lt;!--                                 มหาวิทยาลัยขอนแก่น
                                &lt;/span&gt; --&gt;

                                &lt;!--                                 มหาวิทยาลัยขอนแก่น
                                 --&gt;

                                                                                                มหาวิทยาลัยขอนแก่น
                                




                        &lt;/span&gt;&lt;/div&gt;
                        &lt;div style="padding-bottom: 10px;"&gt;
                            &lt;span style="font-weight: bold;"&gt;หน่วยงานที่รับผิดชอบ&lt;/span&gt;
                            &lt;span style="padding-left: 10px;"&gt;
                                                                สาขาวิชาวิทยาการคอมพิวเตอร์
                                                            &lt;/span&gt;
                        &lt;/div&gt;

                        &lt;div style="padding-bottom: 10px;"&gt;

                            &lt;span style="font-weight: bold;"&gt;งบประมาณที่ได้รับจัดสรร&lt;/span&gt;
                            &lt;span style="padding-left: 10px;"&gt; 80,000 บาท&lt;/span&gt;
                        &lt;/div&gt;
                    &lt;/td&gt;

                    &lt;td style="vertical-align: top;text-align: left;"&gt;
                        &lt;!-- &lt;div style="padding-bottom: 10px;"&gt;
                            &lt;span&gt;                                ผศ.ดร. พุธษดี ศิริแสงตระกูล&lt;br&gt;
                                &lt;/span&gt;
                        &lt;/div&gt; --&gt;

                        &lt;div style="padding-bottom: 10px;"&gt;
                            &lt;span&gt;

                                                                                                
                                                                ผศ.ดร. พุธษดี ศิริแสงตระกูล
                                &lt;br&gt;
                                                                                                                        &lt;/span&gt;&lt;/div&gt;

                    &lt;/td&gt;
                                        &lt;td style="vertical-align: top;text-align: left;"&gt;
                        &lt;h6&gt;&lt;label class="badge bg-dark"&gt;ปิดโครงการ&lt;/label&gt;
                            &lt;/h6&gt;&lt;h6&gt;
                    &lt;/h6&gt;&lt;/td&gt;
                                        &lt;!-- &lt;td&gt;&lt;/td&gt;
                    &lt;td&gt;&lt;/td&gt; --&gt;
                &lt;/tr&gt;&lt;tr role="row" class="odd"&gt;
                    &lt;td style="vertical-align: top;text-align: left;" class="sorting_1"&gt;3&lt;/td&gt;
                    &lt;td style="vertical-align: top;text-align: left;"&gt;
                        &lt;!-- 2562 --&gt;
                                                &lt;!-- 2025  --&gt;
                        &lt;!-- 2025-03-12 20:19:00  --&gt;
                        2562
                                            &lt;/td&gt;
                    &lt;td style="vertical-align: top;text-align: left;"&gt;
                        Morphological analysis for edible mushrooms using artificial neural networks ANN Model

                    &lt;/td&gt;
                    &lt;td&gt;
                        &lt;div style="padding-bottom: 10px"&gt;

                            &lt;!--                             &lt;span style="font-weight: bold;"&gt;
                                ระยะเวลาโครงการ
                            &lt;/span&gt;
                            &lt;span&gt;

                            &lt;/span&gt;
                             --&gt;
                                                        &lt;span style="font-weight: bold;"&gt;
                                ระยะเวลาโครงการ

                            &lt;/span&gt;

                            


                        &lt;/div&gt;


                        &lt;!--                     &lt;td&gt;&lt;/td&gt;
                     --&gt;

                        &lt;!-- &lt;td&gt;                        อุรฉัตร โคแก้ว&lt;br&gt;
                                            &lt;/td&gt; --&gt;
                        &lt;!-- &lt;td&gt;
                                                ทุนภายใน
                                            &lt;/td&gt; --&gt;
                        &lt;!-- &lt;td&gt;                        มหาวิทยาลัยขอนแก่น
                                            &lt;/td&gt; --&gt;
                        &lt;!-- &lt;td&gt;100000&lt;/td&gt; --&gt;
                        &lt;div style="padding-bottom: 10px;"&gt;
                            &lt;span style="font-weight: bold;"&gt;ประเภทของทุนวิจัย&lt;/span&gt;


                            &lt;span style="padding-left: 10px;"&gt;

                                                                ทุนภายใน
                                
                            &lt;/span&gt;
                        &lt;/div&gt;
                        &lt;div style="padding-bottom: 10px;"&gt;
                            &lt;span style="font-weight: bold;"&gt;หน่วยงานที่สนันสนุนทุน&lt;/span&gt;
                            &lt;span style="padding-left: 10px;"&gt;
                                &lt;!--                                 มหาวิทยาลัยขอนแก่น
                                &lt;/span&gt; --&gt;

                                &lt;!--                                 มหาวิทยาลัยขอนแก่น
                                 --&gt;

                                                                                                มหาวิทยาลัยขอนแก่น
                                




                        &lt;/span&gt;&lt;/div&gt;
                        &lt;div style="padding-bottom: 10px;"&gt;
                            &lt;span style="font-weight: bold;"&gt;หน่วยงานที่รับผิดชอบ&lt;/span&gt;
                            &lt;span style="padding-left: 10px;"&gt;
                                                                สาขาวิชาวิทยาการคอมพิวเตอร์
                                                            &lt;/span&gt;
                        &lt;/div&gt;

                        &lt;div style="padding-bottom: 10px;"&gt;

                            &lt;span style="font-weight: bold;"&gt;งบประมาณที่ได้รับจัดสรร&lt;/span&gt;
                            &lt;span style="padding-left: 10px;"&gt; 100,000 บาท&lt;/span&gt;
                        &lt;/div&gt;
                    &lt;/td&gt;

                    &lt;td style="vertical-align: top;text-align: left;"&gt;
                        &lt;!-- &lt;div style="padding-bottom: 10px;"&gt;
                            &lt;span&gt;                                ผศ.ดร. อุรฉัตร โคแก้ว&lt;br&gt;
                                &lt;/span&gt;
                        &lt;/div&gt; --&gt;

                        &lt;div style="padding-bottom: 10px;"&gt;
                            &lt;span&gt;

                                                                                                
                                                                ผศ.ดร. อุรฉัตร โคแก้ว
                                &lt;br&gt;
                                                                                                                        &lt;/span&gt;&lt;/div&gt;

                    &lt;/td&gt;
                                        &lt;td style="vertical-align: top;text-align: left;"&gt;
                        &lt;h6&gt;&lt;label class="badge bg-dark"&gt;ปิดโครงการ&lt;/label&gt;
                            &lt;/h6&gt;&lt;h6&gt;
                    &lt;/h6&gt;&lt;/td&gt;
                                        &lt;!-- &lt;td&gt;&lt;/td&gt;
                    &lt;td&gt;&lt;/td&gt; --&gt;
                &lt;/tr&gt;&lt;tr role="row" class="even"&gt;
                    &lt;td style="vertical-align: top;text-align: left;" class="sorting_1"&gt;4&lt;/td&gt;
                    &lt;td style="vertical-align: top;text-align: left;"&gt;
                        &lt;!-- 2562 --&gt;
                                                &lt;!-- 2025  --&gt;
                        &lt;!-- 2025-03-12 20:19:00  --&gt;
                        2562
                                            &lt;/td&gt;
                    &lt;td style="vertical-align: top;text-align: left;"&gt;
                        Ontology-based Learning data integration using ontology mapping and a rules based reasoning approach

                    &lt;/td&gt;
                    &lt;td&gt;
                        &lt;div style="padding-bottom: 10px"&gt;

                            &lt;!--                             &lt;span style="font-weight: bold;"&gt;
                                ระยะเวลาโครงการ
                            &lt;/span&gt;
                            &lt;span&gt;

                            &lt;/span&gt;
                             --&gt;
                                                        &lt;span style="font-weight: bold;"&gt;
                                ระยะเวลาโครงการ

                            &lt;/span&gt;

                            


                        &lt;/div&gt;


                        &lt;!--                     &lt;td&gt;&lt;/td&gt;
                     --&gt;

                        &lt;!-- &lt;td&gt;                        งามนิจ อาจอินทร์&lt;br&gt;
                                            &lt;/td&gt; --&gt;
                        &lt;!-- &lt;td&gt;
                                                ทุนภายใน
                                            &lt;/td&gt; --&gt;
                        &lt;!-- &lt;td&gt;                        มหาวิทยาลัยขอนแก่น
                                            &lt;/td&gt; --&gt;
                        &lt;!-- &lt;td&gt;100000&lt;/td&gt; --&gt;
                        &lt;div style="padding-bottom: 10px;"&gt;
                            &lt;span style="font-weight: bold;"&gt;ประเภทของทุนวิจัย&lt;/span&gt;


                            &lt;span style="padding-left: 10px;"&gt;

                                                                ทุนภายใน
                                
                            &lt;/span&gt;
                        &lt;/div&gt;
                        &lt;div style="padding-bottom: 10px;"&gt;
                            &lt;span style="font-weight: bold;"&gt;หน่วยงานที่สนันสนุนทุน&lt;/span&gt;
                            &lt;span style="padding-left: 10px;"&gt;
                                &lt;!--                                 มหาวิทยาลัยขอนแก่น
                                &lt;/span&gt; --&gt;

                                &lt;!--                                 มหาวิทยาลัยขอนแก่น
                                 --&gt;

                                                                                                มหาวิทยาลัยขอนแก่น
                                




                        &lt;/span&gt;&lt;/div&gt;
                        &lt;div style="padding-bottom: 10px;"&gt;
                            &lt;span style="font-weight: bold;"&gt;หน่วยงานที่รับผิดชอบ&lt;/span&gt;
                            &lt;span style="padding-left: 10px;"&gt;
                                                                สาขาวิชาวิทยาการคอมพิวเตอร์
                                                            &lt;/span&gt;
                        &lt;/div&gt;

                        &lt;div style="padding-bottom: 10px;"&gt;

                            &lt;span style="font-weight: bold;"&gt;งบประมาณที่ได้รับจัดสรร&lt;/span&gt;
                            &lt;span style="padding-left: 10px;"&gt; 100,000 บาท&lt;/span&gt;
                        &lt;/div&gt;
                    &lt;/td&gt;

                    &lt;td style="vertical-align: top;text-align: left;"&gt;
                        &lt;!-- &lt;div style="padding-bottom: 10px;"&gt;
                            &lt;span&gt;                                รศ.ดร. งามนิจ อาจอินทร์&lt;br&gt;
                                &lt;/span&gt;
                        &lt;/div&gt; --&gt;

                        &lt;div style="padding-bottom: 10px;"&gt;
                            &lt;span&gt;

                                                                                                
                                                                รศ.ดร. งามนิจ อาจอินทร์
                                &lt;br&gt;
                                                                                                                        &lt;/span&gt;&lt;/div&gt;

                    &lt;/td&gt;
                                        &lt;td style="vertical-align: top;text-align: left;"&gt;
                        &lt;h6&gt;&lt;label class="badge bg-dark"&gt;ปิดโครงการ&lt;/label&gt;
                            &lt;/h6&gt;&lt;h6&gt;
                    &lt;/h6&gt;&lt;/td&gt;
                                        &lt;!-- &lt;td&gt;&lt;/td&gt;
                    &lt;td&gt;&lt;/td&gt; --&gt;
                &lt;/tr&gt;&lt;tr role="row" class="odd"&gt;
                    &lt;td style="vertical-align: top;text-align: left;" class="sorting_1"&gt;5&lt;/td&gt;
                    &lt;td style="vertical-align: top;text-align: left;"&gt;
                        &lt;!-- 2562 --&gt;
                                                &lt;!-- 2019  --&gt;
                        &lt;!-- 2025-03-12 20:19:00  --&gt;
                        2562
                                            &lt;/td&gt;
                    &lt;td style="vertical-align: top;text-align: left;"&gt;
                        อุปกรณ์ประเมินความเครียดพร้อมปัญญาประดิษฐ์สำหรับการประเมินโรคซึมเศร้า (Stress assessment devices with artificial intelligence for depression disorder assessment)

                    &lt;/td&gt;
                    &lt;td&gt;
                        &lt;div style="padding-bottom: 10px"&gt;

                            &lt;!--                             &lt;span style="font-weight: bold;"&gt;
                                ระยะเวลาโครงการ
                            &lt;/span&gt;
                            &lt;span style="padding-left: 10px;"&gt;
                                1 กุมภาพันธ์ 2562 ถึง 31 กรกฎาคม 2564
                                
                            &lt;/span&gt;
                             --&gt;
                                                        &lt;span style="font-weight: bold;"&gt;
                                ระยะเวลาโครงการ

                            &lt;/span&gt;
                            &lt;span style="padding-left: 10px;"&gt;
                                                                1 กุมภาพันธ์
                                2562
                                ถึง
                                31 กรกฎาคม
                                2564
                                                            &lt;/span&gt;
                            


                        &lt;/div&gt;


                        &lt;!--                     &lt;td&gt;1 กุมภาพันธ์ 2562&lt;br&gt;ถึง 31 กรกฎาคม 2564&lt;/td&gt;
                     --&gt;

                        &lt;!-- &lt;td&gt;                        สุมณฑา เกษมวิลาศ&lt;br&gt;
                                            &lt;/td&gt; --&gt;
                        &lt;!-- &lt;td&gt;
                                                ทุนภายนอก
                                            &lt;/td&gt; --&gt;
                        &lt;!-- &lt;td&gt;                        -
                                            &lt;/td&gt; --&gt;
                        &lt;!-- &lt;td&gt;6633000&lt;/td&gt; --&gt;
                        &lt;div style="padding-bottom: 10px;"&gt;
                            &lt;span style="font-weight: bold;"&gt;ประเภทของทุนวิจัย&lt;/span&gt;


                            &lt;span style="padding-left: 10px;"&gt;

                                                                ทุนภายนอก
                                
                            &lt;/span&gt;
                        &lt;/div&gt;
                        &lt;div style="padding-bottom: 10px;"&gt;
                            &lt;span style="font-weight: bold;"&gt;หน่วยงานที่สนันสนุนทุน&lt;/span&gt;
                            &lt;span style="padding-left: 10px;"&gt;
                                &lt;!--                                 -
                                &lt;/span&gt; --&gt;

                                &lt;!--                                 -
                                 --&gt;

                                                                                                -
                                




                        &lt;/span&gt;&lt;/div&gt;
                        &lt;div style="padding-bottom: 10px;"&gt;
                            &lt;span style="font-weight: bold;"&gt;หน่วยงานที่รับผิดชอบ&lt;/span&gt;
                            &lt;span style="padding-left: 10px;"&gt;
                                                                สาขาวิชาวิทยาการคอมพิวเตอร์
                                                            &lt;/span&gt;
                        &lt;/div&gt;

                        &lt;div style="padding-bottom: 10px;"&gt;

                            &lt;span style="font-weight: bold;"&gt;งบประมาณที่ได้รับจัดสรร&lt;/span&gt;
                            &lt;span style="padding-left: 10px;"&gt; 6,633,000 บาท&lt;/span&gt;
                        &lt;/div&gt;
                    &lt;/td&gt;

                    &lt;td style="vertical-align: top;text-align: left;"&gt;
                        &lt;!-- &lt;div style="padding-bottom: 10px;"&gt;
                            &lt;span&gt;                                ผศ.ดร. สุมณฑา เกษมวิลาศ&lt;br&gt;
                                &lt;/span&gt;
                        &lt;/div&gt; --&gt;

                        &lt;div style="padding-bottom: 10px;"&gt;
                            &lt;span&gt;

                                                                                                
                                                                ผศ.ดร. สุมณฑา เกษมวิลาศ
                                &lt;br&gt;
                                                                                                                        &lt;/span&gt;&lt;/div&gt;

                    &lt;/td&gt;
                                        &lt;td style="vertical-align: top;text-align: left;"&gt;
                        &lt;h6&gt;&lt;label class="badge bg-dark"&gt;ปิดโครงการ&lt;/label&gt;
                            &lt;/h6&gt;&lt;h6&gt;
                    &lt;/h6&gt;&lt;/td&gt;
                                        &lt;!-- &lt;td&gt;&lt;/td&gt;
                    &lt;td&gt;&lt;/td&gt; --&gt;
                &lt;/tr&gt;&lt;tr role="row" class="even"&gt;
                    &lt;td style="vertical-align: top;text-align: left;" class="sorting_1"&gt;6&lt;/td&gt;
                    &lt;td style="vertical-align: top;text-align: left;"&gt;
                        &lt;!-- 2562 --&gt;
                                                &lt;!-- 2020  --&gt;
                        &lt;!-- 2025-03-12 20:19:00  --&gt;
                        2562
                                            &lt;/td&gt;
                    &lt;td style="vertical-align: top;text-align: left;"&gt;
                        รูปแบบเทคโนโลยีฉลาดสำหรับสังคมสูงวัยสุขภาพดี (Smart technology for healthy aging society)

                    &lt;/td&gt;
                    &lt;td&gt;
                        &lt;div style="padding-bottom: 10px"&gt;

                            &lt;!--                             &lt;span style="font-weight: bold;"&gt;
                                ระยะเวลาโครงการ
                            &lt;/span&gt;
                            &lt;span style="padding-left: 10px;"&gt;
                                1 ตุลาคม 2563 ถึง 31 สิงหาคม 2563
                                
                            &lt;/span&gt;
                             --&gt;
                                                        &lt;span style="font-weight: bold;"&gt;
                                ระยะเวลาโครงการ

                            &lt;/span&gt;
                            &lt;span style="padding-left: 10px;"&gt;
                                                                1 ตุลาคม
                                2563
                                ถึง
                                31 สิงหาคม
                                2563
                                                            &lt;/span&gt;
                            


                        &lt;/div&gt;


                        &lt;!--                     &lt;td&gt;1 ตุลาคม 2563&lt;br&gt;ถึง 31 สิงหาคม 2563&lt;/td&gt;
                     --&gt;

                        &lt;!-- &lt;td&gt;                        สุมณฑา เกษมวิลาศ&lt;br&gt;
                                            &lt;/td&gt; --&gt;
                        &lt;!-- &lt;td&gt;
                                                ทุนภายนอก
                                            &lt;/td&gt; --&gt;
                        &lt;!-- &lt;td&gt;                        สำนักงานคณะกรรมการวิจัยแห่งชาติ
                                            &lt;/td&gt; --&gt;
                        &lt;!-- &lt;td&gt;8000000&lt;/td&gt; --&gt;
                        &lt;div style="padding-bottom: 10px;"&gt;
                            &lt;span style="font-weight: bold;"&gt;ประเภทของทุนวิจัย&lt;/span&gt;


                            &lt;span style="padding-left: 10px;"&gt;

                                                                ทุนภายนอก
                                
                            &lt;/span&gt;
                        &lt;/div&gt;
                        &lt;div style="padding-bottom: 10px;"&gt;
                            &lt;span style="font-weight: bold;"&gt;หน่วยงานที่สนันสนุนทุน&lt;/span&gt;
                            &lt;span style="padding-left: 10px;"&gt;
                                &lt;!--                                 สำนักงานคณะกรรมการวิจัยแห่งชาติ
                                &lt;/span&gt; --&gt;

                                &lt;!--                                 สำนักงานคณะกรรมการวิจัยแห่งชาติ
                                 --&gt;

                                                                                                สำนักงานคณะกรรมการวิจัยแห่งชาติ
                                




                        &lt;/span&gt;&lt;/div&gt;
                        &lt;div style="padding-bottom: 10px;"&gt;
                            &lt;span style="font-weight: bold;"&gt;หน่วยงานที่รับผิดชอบ&lt;/span&gt;
                            &lt;span style="padding-left: 10px;"&gt;
                                                                สาขาวิชาวิทยาการคอมพิวเตอร์
                                                            &lt;/span&gt;
                        &lt;/div&gt;

                        &lt;div style="padding-bottom: 10px;"&gt;

                            &lt;span style="font-weight: bold;"&gt;งบประมาณที่ได้รับจัดสรร&lt;/span&gt;
                            &lt;span style="padding-left: 10px;"&gt; 8,000,000 บาท&lt;/span&gt;
                        &lt;/div&gt;
                    &lt;/td&gt;

                    &lt;td style="vertical-align: top;text-align: left;"&gt;
                        &lt;!-- &lt;div style="padding-bottom: 10px;"&gt;
                            &lt;span&gt;                                ผศ.ดร. สุมณฑา เกษมวิลาศ&lt;br&gt;
                                &lt;/span&gt;
                        &lt;/div&gt; --&gt;

                        &lt;div style="padding-bottom: 10px;"&gt;
                            &lt;span&gt;

                                                                                                
                                                                ผศ.ดร. สุมณฑา เกษมวิลาศ
                                &lt;br&gt;
                                                                                                                        &lt;/span&gt;&lt;/div&gt;

                    &lt;/td&gt;
                                        &lt;td style="vertical-align: top;text-align: left;"&gt;
                        &lt;h6&gt;&lt;label class="badge bg-dark"&gt;ปิดโครงการ&lt;/label&gt;
                            &lt;/h6&gt;&lt;h6&gt;
                    &lt;/h6&gt;&lt;/td&gt;
                                        &lt;!-- &lt;td&gt;&lt;/td&gt;
                    &lt;td&gt;&lt;/td&gt; --&gt;
                &lt;/tr&gt;&lt;tr role="row" class="odd"&gt;
                    &lt;td style="vertical-align: top;text-align: left;" class="sorting_1"&gt;7&lt;/td&gt;
                    &lt;td style="vertical-align: top;text-align: left;"&gt;
                        &lt;!-- 2561 --&gt;
                                                &lt;!-- 2025  --&gt;
                        &lt;!-- 2025-03-12 20:18:00  --&gt;
                        2561
                                            &lt;/td&gt;
                    &lt;td style="vertical-align: top;text-align: left;"&gt;
                        การศึกษาแนวทางในการวิเคราะห์ประสิทธิภาพของระบบการวางแผนทรัพยากรองค์กร

                    &lt;/td&gt;
                    &lt;td&gt;
                        &lt;div style="padding-bottom: 10px"&gt;

                            &lt;!--                             &lt;span style="font-weight: bold;"&gt;
                                ระยะเวลาโครงการ
                            &lt;/span&gt;
                            &lt;span&gt;

                            &lt;/span&gt;
                             --&gt;
                                                        &lt;span style="font-weight: bold;"&gt;
                                ระยะเวลาโครงการ

                            &lt;/span&gt;

                            


                        &lt;/div&gt;


                        &lt;!--                     &lt;td&gt;&lt;/td&gt;
                     --&gt;

                        &lt;!-- &lt;td&gt;                        ปวีณา วันชัย&lt;br&gt;
                                            &lt;/td&gt; --&gt;
                        &lt;!-- &lt;td&gt;
                                                ทุนภายใน
                                            &lt;/td&gt; --&gt;
                        &lt;!-- &lt;td&gt;                        มหาวิทยาลัยขอนแก่น
                                            &lt;/td&gt; --&gt;
                        &lt;!-- &lt;td&gt;80000&lt;/td&gt; --&gt;
                        &lt;div style="padding-bottom: 10px;"&gt;
                            &lt;span style="font-weight: bold;"&gt;ประเภทของทุนวิจัย&lt;/span&gt;


                            &lt;span style="padding-left: 10px;"&gt;

                                                                ทุนภายใน
                                
                            &lt;/span&gt;
                        &lt;/div&gt;
                        &lt;div style="padding-bottom: 10px;"&gt;
                            &lt;span style="font-weight: bold;"&gt;หน่วยงานที่สนันสนุนทุน&lt;/span&gt;
                            &lt;span style="padding-left: 10px;"&gt;
                                &lt;!--                                 มหาวิทยาลัยขอนแก่น
                                &lt;/span&gt; --&gt;

                                &lt;!--                                 มหาวิทยาลัยขอนแก่น
                                 --&gt;

                                                                                                มหาวิทยาลัยขอนแก่น
                                




                        &lt;/span&gt;&lt;/div&gt;
                        &lt;div style="padding-bottom: 10px;"&gt;
                            &lt;span style="font-weight: bold;"&gt;หน่วยงานที่รับผิดชอบ&lt;/span&gt;
                            &lt;span style="padding-left: 10px;"&gt;
                                                                สาขาวิชาวิทยาการคอมพิวเตอร์
                                                            &lt;/span&gt;
                        &lt;/div&gt;

                        &lt;div style="padding-bottom: 10px;"&gt;

                            &lt;span style="font-weight: bold;"&gt;งบประมาณที่ได้รับจัดสรร&lt;/span&gt;
                            &lt;span style="padding-left: 10px;"&gt; 80,000 บาท&lt;/span&gt;
                        &lt;/div&gt;
                    &lt;/td&gt;

                    &lt;td style="vertical-align: top;text-align: left;"&gt;
                        &lt;!-- &lt;div style="padding-bottom: 10px;"&gt;
                            &lt;span&gt;                                ผศ.ดร. ปวีณา วันชัย&lt;br&gt;
                                &lt;/span&gt;
                        &lt;/div&gt; --&gt;

                        &lt;div style="padding-bottom: 10px;"&gt;
                            &lt;span&gt;

                                                                                                
                                                                ผศ.ดร. ปวีณา วันชัย
                                &lt;br&gt;
                                                                                                                        &lt;/span&gt;&lt;/div&gt;

                    &lt;/td&gt;
                                        &lt;td style="vertical-align: top;text-align: left;"&gt;
                        &lt;h6&gt;&lt;label class="badge bg-dark"&gt;ปิดโครงการ&lt;/label&gt;
                            &lt;/h6&gt;&lt;h6&gt;
                    &lt;/h6&gt;&lt;/td&gt;
                                        &lt;!-- &lt;td&gt;&lt;/td&gt;
                    &lt;td&gt;&lt;/td&gt; --&gt;
                &lt;/tr&gt;&lt;tr role="row" class="even"&gt;
                    &lt;td style="vertical-align: top;text-align: left;" class="sorting_1"&gt;8&lt;/td&gt;
                    &lt;td style="vertical-align: top;text-align: left;"&gt;
                        &lt;!-- 2561 --&gt;
                                                &lt;!-- 2025  --&gt;
                        &lt;!-- 2025-03-12 20:18:00  --&gt;
                        2561
                                            &lt;/td&gt;
                    &lt;td style="vertical-align: top;text-align: left;"&gt;
                        การออกแบบและพัฒนาระบบการเรียนรู้การเขียนโปรแกรมแบบคู่ด้วยอาลิซ

                    &lt;/td&gt;
                    &lt;td&gt;
                        &lt;div style="padding-bottom: 10px"&gt;

                            &lt;!--                             &lt;span style="font-weight: bold;"&gt;
                                ระยะเวลาโครงการ
                            &lt;/span&gt;
                            &lt;span&gt;

                            &lt;/span&gt;
                             --&gt;
                                                        &lt;span style="font-weight: bold;"&gt;
                                ระยะเวลาโครงการ

                            &lt;/span&gt;

                            


                        &lt;/div&gt;


                        &lt;!--                     &lt;td&gt;&lt;/td&gt;
                     --&gt;

                        &lt;!-- &lt;td&gt;                        อุรฉัตร โคแก้ว&lt;br&gt;
                                            &lt;/td&gt; --&gt;
                        &lt;!-- &lt;td&gt;
                                                ทุนภายใน
                                            &lt;/td&gt; --&gt;
                        &lt;!-- &lt;td&gt;                        มหาวิทยาลัยขอนแก่น
                                            &lt;/td&gt; --&gt;
                        &lt;!-- &lt;td&gt;60000&lt;/td&gt; --&gt;
                        &lt;div style="padding-bottom: 10px;"&gt;
                            &lt;span style="font-weight: bold;"&gt;ประเภทของทุนวิจัย&lt;/span&gt;


                            &lt;span style="padding-left: 10px;"&gt;

                                                                ทุนภายใน
                                
                            &lt;/span&gt;
                        &lt;/div&gt;
                        &lt;div style="padding-bottom: 10px;"&gt;
                            &lt;span style="font-weight: bold;"&gt;หน่วยงานที่สนันสนุนทุน&lt;/span&gt;
                            &lt;span style="padding-left: 10px;"&gt;
                                &lt;!--                                 มหาวิทยาลัยขอนแก่น
                                &lt;/span&gt; --&gt;

                                &lt;!--                                 มหาวิทยาลัยขอนแก่น
                                 --&gt;

                                                                                                มหาวิทยาลัยขอนแก่น
                                




                        &lt;/span&gt;&lt;/div&gt;
                        &lt;div style="padding-bottom: 10px;"&gt;
                            &lt;span style="font-weight: bold;"&gt;หน่วยงานที่รับผิดชอบ&lt;/span&gt;
                            &lt;span style="padding-left: 10px;"&gt;
                                                                สาขาวิชาวิทยาการคอมพิวเตอร์
                                                            &lt;/span&gt;
                        &lt;/div&gt;

                        &lt;div style="padding-bottom: 10px;"&gt;

                            &lt;span style="font-weight: bold;"&gt;งบประมาณที่ได้รับจัดสรร&lt;/span&gt;
                            &lt;span style="padding-left: 10px;"&gt; 60,000 บาท&lt;/span&gt;
                        &lt;/div&gt;
                    &lt;/td&gt;

                    &lt;td style="vertical-align: top;text-align: left;"&gt;
                        &lt;!-- &lt;div style="padding-bottom: 10px;"&gt;
                            &lt;span&gt;                                ผศ.ดร. อุรฉัตร โคแก้ว&lt;br&gt;
                                &lt;/span&gt;
                        &lt;/div&gt; --&gt;

                        &lt;div style="padding-bottom: 10px;"&gt;
                            &lt;span&gt;

                                                                                                
                                                                ผศ.ดร. อุรฉัตร โคแก้ว
                                &lt;br&gt;
                                                                                                                        &lt;/span&gt;&lt;/div&gt;

                    &lt;/td&gt;
                                        &lt;td style="vertical-align: top;text-align: left;"&gt;
                        &lt;h6&gt;&lt;label class="badge bg-dark"&gt;ปิดโครงการ&lt;/label&gt;
                            &lt;/h6&gt;&lt;h6&gt;
                    &lt;/h6&gt;&lt;/td&gt;
                                        &lt;!-- &lt;td&gt;&lt;/td&gt;
                    &lt;td&gt;&lt;/td&gt; --&gt;
                &lt;/tr&gt;&lt;tr role="row" class="odd"&gt;
                    &lt;td style="vertical-align: top;text-align: left;" class="sorting_1"&gt;9&lt;/td&gt;
                    &lt;td style="vertical-align: top;text-align: left;"&gt;
                        &lt;!-- 2561 --&gt;
                                                &lt;!-- 2025  --&gt;
                        &lt;!-- 2025-03-12 20:18:00  --&gt;
                        2561
                                            &lt;/td&gt;
                    &lt;td style="vertical-align: top;text-align: left;"&gt;
                        ดัชนีความเยาว์วัยของร่างกายแบบองค์รวมจากปัญญาประดิษฐ์ข้อมูลสุขภาพ (Youth Index from Health Artificial Intelligence)

                    &lt;/td&gt;
                    &lt;td&gt;
                        &lt;div style="padding-bottom: 10px"&gt;

                            &lt;!--                             &lt;span style="font-weight: bold;"&gt;
                                ระยะเวลาโครงการ
                            &lt;/span&gt;
                            &lt;span&gt;

                            &lt;/span&gt;
                             --&gt;
                                                        &lt;span style="font-weight: bold;"&gt;
                                ระยะเวลาโครงการ

                            &lt;/span&gt;

                            


                        &lt;/div&gt;


                        &lt;!--                     &lt;td&gt;&lt;/td&gt;
                     --&gt;

                        &lt;!-- &lt;td&gt;                        สุมณฑา เกษมวิลาศ&lt;br&gt;
                                            &lt;/td&gt; --&gt;
                        &lt;!-- &lt;td&gt;
                                                ทุนภายนอก
                                            &lt;/td&gt; --&gt;
                        &lt;!-- &lt;td&gt;                        -
                                            &lt;/td&gt; --&gt;
                        &lt;!-- &lt;td&gt;5000000&lt;/td&gt; --&gt;
                        &lt;div style="padding-bottom: 10px;"&gt;
                            &lt;span style="font-weight: bold;"&gt;ประเภทของทุนวิจัย&lt;/span&gt;


                            &lt;span style="padding-left: 10px;"&gt;

                                                                ทุนภายนอก
                                
                            &lt;/span&gt;
                        &lt;/div&gt;
                        &lt;div style="padding-bottom: 10px;"&gt;
                            &lt;span style="font-weight: bold;"&gt;หน่วยงานที่สนันสนุนทุน&lt;/span&gt;
                            &lt;span style="padding-left: 10px;"&gt;
                                &lt;!--                                 -
                                &lt;/span&gt; --&gt;

                                &lt;!--                                 -
                                 --&gt;

                                                                                                -
                                




                        &lt;/span&gt;&lt;/div&gt;
                        &lt;div style="padding-bottom: 10px;"&gt;
                            &lt;span style="font-weight: bold;"&gt;หน่วยงานที่รับผิดชอบ&lt;/span&gt;
                            &lt;span style="padding-left: 10px;"&gt;
                                                                สาขาวิชาวิทยาการคอมพิวเตอร์
                                                            &lt;/span&gt;
                        &lt;/div&gt;

                        &lt;div style="padding-bottom: 10px;"&gt;

                            &lt;span style="font-weight: bold;"&gt;งบประมาณที่ได้รับจัดสรร&lt;/span&gt;
                            &lt;span style="padding-left: 10px;"&gt; 5,000,000 บาท&lt;/span&gt;
                        &lt;/div&gt;
                    &lt;/td&gt;

                    &lt;td style="vertical-align: top;text-align: left;"&gt;
                        &lt;!-- &lt;div style="padding-bottom: 10px;"&gt;
                            &lt;span&gt;                                ผศ.ดร. สุมณฑา เกษมวิลาศ&lt;br&gt;
                                &lt;/span&gt;
                        &lt;/div&gt; --&gt;

                        &lt;div style="padding-bottom: 10px;"&gt;
                            &lt;span&gt;

                                                                                                
                                                                ผศ.ดร. สุมณฑา เกษมวิลาศ
                                &lt;br&gt;
                                                                                                                        &lt;/span&gt;&lt;/div&gt;

                    &lt;/td&gt;
                                        &lt;td style="vertical-align: top;text-align: left;"&gt;
                        &lt;h6&gt;&lt;label class="badge bg-dark"&gt;ปิดโครงการ&lt;/label&gt;
                            &lt;/h6&gt;&lt;h6&gt;
                    &lt;/h6&gt;&lt;/td&gt;
                                        &lt;!-- &lt;td&gt;&lt;/td&gt;
                    &lt;td&gt;&lt;/td&gt; --&gt;
                &lt;/tr&gt;&lt;tr role="row" class="even"&gt;
                    &lt;td style="vertical-align: top;text-align: left;" class="sorting_1"&gt;10&lt;/td&gt;
                    &lt;td style="vertical-align: top;text-align: left;"&gt;
                        &lt;!-- 2561 --&gt;
                                                &lt;!-- 2025  --&gt;
                        &lt;!-- 2025-03-12 20:18:00  --&gt;
                        2561
                                            &lt;/td&gt;
                    &lt;td style="vertical-align: top;text-align: left;"&gt;
                        ERASMUS+ : Curriculum Development in Data Science and Artificial Intelligence/DS&amp;amp;AI

                    &lt;/td&gt;
                    &lt;td&gt;
                        &lt;div style="padding-bottom: 10px"&gt;

                            &lt;!--                             &lt;span style="font-weight: bold;"&gt;
                                ระยะเวลาโครงการ
                            &lt;/span&gt;
                            &lt;span&gt;

                            &lt;/span&gt;
                             --&gt;
                                                        &lt;span style="font-weight: bold;"&gt;
                                ระยะเวลาโครงการ

                            &lt;/span&gt;

                            


                        &lt;/div&gt;


                        &lt;!--                     &lt;td&gt;&lt;/td&gt;
                     --&gt;

                        &lt;!-- &lt;td&gt;                        คำรณ สุนัติ&lt;br&gt;
                                                ชิตสุธา สุ่มเล็ก&lt;br&gt;
                                            &lt;/td&gt; --&gt;
                        &lt;!-- &lt;td&gt;
                                                ทุนภายนอก
                                            &lt;/td&gt; --&gt;
                        &lt;!-- &lt;td&gt;                        -
                                            &lt;/td&gt; --&gt;
                        &lt;!-- &lt;td&gt;2453555&lt;/td&gt; --&gt;
                        &lt;div style="padding-bottom: 10px;"&gt;
                            &lt;span style="font-weight: bold;"&gt;ประเภทของทุนวิจัย&lt;/span&gt;


                            &lt;span style="padding-left: 10px;"&gt;

                                                                ทุนภายนอก
                                
                            &lt;/span&gt;
                        &lt;/div&gt;
                        &lt;div style="padding-bottom: 10px;"&gt;
                            &lt;span style="font-weight: bold;"&gt;หน่วยงานที่สนันสนุนทุน&lt;/span&gt;
                            &lt;span style="padding-left: 10px;"&gt;
                                &lt;!--                                 -
                                &lt;/span&gt; --&gt;

                                &lt;!--                                 -
                                 --&gt;

                                                                                                -
                                




                        &lt;/span&gt;&lt;/div&gt;
                        &lt;div style="padding-bottom: 10px;"&gt;
                            &lt;span style="font-weight: bold;"&gt;หน่วยงานที่รับผิดชอบ&lt;/span&gt;
                            &lt;span style="padding-left: 10px;"&gt;
                                                                สาขาวิชาวิทยาการคอมพิวเตอร์
                                                            &lt;/span&gt;
                        &lt;/div&gt;

                        &lt;div style="padding-bottom: 10px;"&gt;

                            &lt;span style="font-weight: bold;"&gt;งบประมาณที่ได้รับจัดสรร&lt;/span&gt;
                            &lt;span style="padding-left: 10px;"&gt; 2,453,555 บาท&lt;/span&gt;
                        &lt;/div&gt;
                    &lt;/td&gt;

                    &lt;td style="vertical-align: top;text-align: left;"&gt;
                        &lt;!-- &lt;div style="padding-bottom: 10px;"&gt;
                            &lt;span&gt;                                ผศ.ดร. คำรณ สุนัติ&lt;br&gt;
                                                                ผศ.ดร. ชิตสุธา สุ่มเล็ก&lt;br&gt;
                                &lt;/span&gt;
                        &lt;/div&gt; --&gt;

                        &lt;div style="padding-bottom: 10px;"&gt;
                            &lt;span&gt;

                                                                                                
                                                                ผศ.ดร. คำรณ สุนัติ
                                &lt;br&gt;
                                                                                                                                                                
                                                                ผศ.ดร. ชิตสุธา สุ่มเล็ก
                                &lt;br&gt;
                                                                                                                        &lt;/span&gt;&lt;/div&gt;

                    &lt;/td&gt;
                                        &lt;td style="vertical-align: top;text-align: left;"&gt;
                        &lt;h6&gt;&lt;label class="badge bg-dark"&gt;ปิดโครงการ&lt;/label&gt;
                            &lt;/h6&gt;&lt;h6&gt;
                    &lt;/h6&gt;&lt;/td&gt;
                                        &lt;!-- &lt;td&gt;&lt;/td&gt;
                    &lt;td&gt;&lt;/td&gt; --&gt;
                &lt;/tr&gt;&lt;/tbody&gt;
        &lt;/table&gt;&lt;/div&gt;&lt;/div&gt;&lt;div class="row"&gt;&lt;div class="col-sm-12 col-md-5"&gt;&lt;div class="dataTables_info" id="example1_info" role="status" aria-live="polite"&gt;แสดง 1 ถึง 10 จากทั้งหมด 25 รายการ&lt;/div&gt;&lt;/div&gt;&lt;div class="col-sm-12 col-md-7"&gt;&lt;div class="dataTables_paginate paging_simple_numbers" id="example1_paginate"&gt;&lt;ul class="pagination"&gt;&lt;li class="paginate_button page-item previous disabled" id="example1_previous"&gt;&lt;a href="#" aria-controls="example1" data-dt-idx="0" tabindex="0" class="page-link"&gt;ก่อนหน้า&lt;/a&gt;&lt;/li&gt;&lt;li class="paginate_button page-item active"&gt;&lt;a href="#" aria-controls="example1" data-dt-idx="1" tabindex="0" class="page-link"&gt;1&lt;/a&gt;&lt;/li&gt;&lt;li class="paginate_button page-item "&gt;&lt;a href="#" aria-controls="example1" data-dt-idx="2" tabindex="0" class="page-link"&gt;2&lt;/a&gt;&lt;/li&gt;&lt;li class="paginate_button page-item "&gt;&lt;a href="#" aria-controls="example1" data-dt-idx="3" tabindex="0" class="page-link"&gt;3&lt;/a&gt;&lt;/li&gt;&lt;li class="paginate_button page-item next" id="example1_next"&gt;&lt;a href="#" aria-controls="example1" data-dt-idx="4" tabindex="0" class="page-link"&gt;ถัดไป&lt;/a&gt;&lt;/li&gt;&lt;/ul&gt;&lt;/div&gt;&lt;/div&gt;&lt;/div&gt;&lt;/div&gt;
    &lt;/div&gt;

&lt;/div&gt;
&lt;!-- โหลด jQuery ก่อน --&gt;
&lt;script src="https://code.jquery.com/jquery-3.3.1.js"&gt;&lt;/script&gt;

&lt;!-- จากนั้นโหลด DataTables --&gt;
&lt;script src="https://cdn.datatables.net/1.10.18/js/jquery.dataTables.min.js" defer=""&gt;&lt;/script&gt;
&lt;script src="https://cdn.datatables.net/1.12.0/js/dataTables.bootstrap4.min.js" defer=""&gt;&lt;/script&gt;
&lt;script src="https://cdn.datatables.net/fixedheader/3.2.3/js/dataTables.fixedHeader.min.js" defer=""&gt;&lt;/script&gt;


&lt;!-- &lt;script&gt;
    $(document).ready(function() {

    let locale = "th";
        var table1 = $('#example1').DataTable({
            responsive: true,
            language: {
                search: "ค้นหา",
                
            }
        });

    });
&lt;/script&gt; --&gt;


&lt;!-- Scripts --&gt;
&lt;script src="https://code.jquery.com/jquery-3.3.1.js"&gt;&lt;/script&gt;
&lt;script src="http://cdn.datatables.net/1.10.18/js/jquery.dataTables.min.js" defer=""&gt;&lt;/script&gt;
&lt;script src="https://cdn.datatables.net/1.12.0/js/dataTables.bootstrap4.min.js" defer=""&gt;&lt;/script&gt;
&lt;script src="https://cdn.datatables.net/fixedheader/3.2.3/js/dataTables.fixedHeader.min.js" defer=""&gt;&lt;/script&gt;



&lt;script&gt;
    $(document).ready(function() {
        // ดึง locale จาก Blade
        let locale = "th";

        // สร้าง object languageSettings สำหรับ DataTables
        let languageSettings = {};

        if (locale === 'en') {
            languageSettings = {
                // lengthMenu: "Show MENU entries",
                zeroRecords: "No matching records found",
                // info: "Showing START to END of TOTAL entries",
                infoEmpty: "No records available",
                infoFiltered: "(filtered from MAX total records)",
                search: "Search:",
                paginate: {
                    first: "First",
                    last: "Last",
                    next: "Next",
                    previous: "Previous"
                }
            };
        } else if (locale === 'cn') {
            languageSettings = {
                lengthMenu: "显示 _MENU_ 条目",
                zeroRecords: "未找到匹配的记录",
                info: "显示第 _START_ 至 _END_ 项结果，共 _TOTAL_ 项",
                infoEmpty: "没有可用记录",
                infoFiltered: "(从 _MAX_ 条记录中过滤)",
                search: "搜索:",
                paginate: {
                    first: "首页",
                    last: "末页",
                    next: "下页",
                    previous: "上页"
                }
            };
        } else {
            // สมมติว่าถ้าเป็น 'th' หรือภาษาอื่น ใช้ภาษาไทย
            languageSettings = {
                lengthMenu: "แสดง _MENU_ รายการ",
    zeroRecords: "ไม่พบข้อมูลที่ตรงกัน",
    info: "แสดง _START_ ถึง _END_ จากทั้งหมด _TOTAL_ รายการ",
    infoEmpty: "ไม่มีข้อมูล",
    infoFiltered: "(กรองจากทั้งหมด _MAX_ รายการ)",
    search: "ค้นหา:",
    paginate: {
        first: "หน้าแรก",
        last: "หน้าสุดท้าย",
        next: "ถัดไป",
        previous: "ก่อนหน้า"
    }
            };
        }

        var table1 = $('#example1').DataTable({
            responsive: true,
            language: languageSettings
        });
    });
&lt;/script&gt;

&lt;style&gt;
    .dataTables_length select {
        width: 80px !important;  /* ปรับขนาดกว้างขึ้น */
        min-width: 70px;
        padding: 5px;
        text-align: center;
    }
&lt;/style&gt;






    
    &lt;!-- Footer --&gt;
    &lt;footer class="footer"&gt;
        &lt;div class="d-sm-flex justify-content-center justify-content-sm-between"&gt;&lt;/div&gt;
    &lt;/footer&gt;



&lt;/body&gt;&lt;/html&gt;</msg>
<arg>HTML Source: ${html_source}</arg>
<doc>Logs the given message with the given level.</doc>
<status status="PASS" start="2025-03-12T23:30:19.779023" elapsed="0.004007"/>
</kw>
<for flavor="IN">
<iter>
<kw name="Should Contain" owner="BuiltIn">
<arg>${html_source}</arg>
<arg>${text}</arg>
<doc>Fails if ``container`` does not contain ``item`` one or more times.</doc>
<status status="PASS" start="2025-03-12T23:30:19.784430" elapsed="0.000000"/>
</kw>
<var name="${text}">โครงการบริการวิชาการ/ โครงการวิจัย</var>
<status status="PASS" start="2025-03-12T23:30:19.783030" elapsed="0.001400"/>
</iter>
<iter>
<kw name="Should Contain" owner="BuiltIn">
<arg>${html_source}</arg>
<arg>${text}</arg>
<doc>Fails if ``container`` does not contain ``item`` one or more times.</doc>
<status status="PASS" start="2025-03-12T23:30:19.785436" elapsed="0.000000"/>
</kw>
<var name="${text}">ผู้รับผิดชอบโครงการ</var>
<status status="PASS" start="2025-03-12T23:30:19.784430" elapsed="0.001006"/>
</iter>
<iter>
<kw name="Should Contain" owner="BuiltIn">
<arg>${html_source}</arg>
<arg>${text}</arg>
<doc>Fails if ``container`` does not contain ``item`` one or more times.</doc>
<status status="PASS" start="2025-03-12T23:30:19.786436" elapsed="0.000000"/>
</kw>
<var name="${text}">รายละเอียด</var>
<status status="PASS" start="2025-03-12T23:30:19.785436" elapsed="0.001000"/>
</iter>
<iter>
<kw name="Should Contain" owner="BuiltIn">
<arg>${html_source}</arg>
<arg>${text}</arg>
<doc>Fails if ``container`` does not contain ``item`` one or more times.</doc>
<status status="PASS" start="2025-03-12T23:30:19.787445" elapsed="0.000000"/>
</kw>
<var name="${text}">ลำดับ</var>
<status status="PASS" start="2025-03-12T23:30:19.786436" elapsed="0.001009"/>
</iter>
<iter>
<kw name="Should Contain" owner="BuiltIn">
<arg>${html_source}</arg>
<arg>${text}</arg>
<doc>Fails if ``container`` does not contain ``item`` one or more times.</doc>
<status status="PASS" start="2025-03-12T23:30:19.787445" elapsed="0.000000"/>
</kw>
<var name="${text}">ปี</var>
<status status="PASS" start="2025-03-12T23:30:19.787445" elapsed="0.000000"/>
</iter>
<iter>
<kw name="Should Contain" owner="BuiltIn">
<arg>${html_source}</arg>
<arg>${text}</arg>
<doc>Fails if ``container`` does not contain ``item`` one or more times.</doc>
<status status="PASS" start="2025-03-12T23:30:19.788775" elapsed="0.000000"/>
</kw>
<var name="${text}">ชื่อโครงการ</var>
<status status="PASS" start="2025-03-12T23:30:19.788775" elapsed="0.000000"/>
</iter>
<iter>
<kw name="Should Contain" owner="BuiltIn">
<arg>${html_source}</arg>
<arg>${text}</arg>
<doc>Fails if ``container`` does not contain ``item`` one or more times.</doc>
<status status="PASS" start="2025-03-12T23:30:19.789780" elapsed="0.000000"/>
</kw>
<var name="${text}">สถานะ</var>
<status status="PASS" start="2025-03-12T23:30:19.788775" elapsed="0.001005"/>
</iter>
<iter>
<kw name="Should Contain" owner="BuiltIn">
<arg>${html_source}</arg>
<arg>${text}</arg>
<doc>Fails if ``container`` does not contain ``item`` one or more times.</doc>
<status status="PASS" start="2025-03-12T23:30:19.789780" elapsed="0.000000"/>
</kw>
<var name="${text}">ระยะเวลาโครงการ</var>
<status status="PASS" start="2025-03-12T23:30:19.789780" elapsed="0.000000"/>
</iter>
<iter>
<kw name="Should Contain" owner="BuiltIn">
<arg>${html_source}</arg>
<arg>${text}</arg>
<doc>Fails if ``container`` does not contain ``item`` one or more times.</doc>
<status status="PASS" start="2025-03-12T23:30:19.790977" elapsed="0.000000"/>
</kw>
<var name="${text}">ประเภทของทุนวิจัย</var>
<status status="PASS" start="2025-03-12T23:30:19.790977" elapsed="0.000000"/>
</iter>
<iter>
<kw name="Should Contain" owner="BuiltIn">
<arg>${html_source}</arg>
<arg>${text}</arg>
<doc>Fails if ``container`` does not contain ``item`` one or more times.</doc>
<status status="PASS" start="2025-03-12T23:30:19.790977" elapsed="0.000000"/>
</kw>
<var name="${text}">หน่วยงานที่สนันสนุนทุน</var>
<status status="PASS" start="2025-03-12T23:30:19.790977" elapsed="0.000000"/>
</iter>
<iter>
<kw name="Should Contain" owner="BuiltIn">
<arg>${html_source}</arg>
<arg>${text}</arg>
<doc>Fails if ``container`` does not contain ``item`` one or more times.</doc>
[...]
    infoEmpty: "ไม่มีข้อมูล",
    infoFiltered: "(กรองจากทั้งหมด _MAX_ รายการ)",
    search: "ค้นหา:",
    paginate: {
        first: "หน้าแรก",
        last: "หน้าสุดท้าย",
        next: "ถัดไป",
        previous: "ก่อนหน้า"
    }
            };
        }

        var table1 = $('#example1').DataTable({
            responsive: true,
            language: languageSettings
        });
    });
&lt;/script&gt;

&lt;style&gt;
    .dataTables_length select {
        width: 80px !important;  /* ปรับขนาดกว้างขึ้น */
        min-width: 70px;
        padding: 5px;
        text-align: center;
    }
&lt;/style&gt;






    
    &lt;!-- Footer --&gt;
    &lt;footer class="footer"&gt;
        &lt;div class="d-sm-flex justify-content-center justify-content-sm-between"&gt;&lt;/div&gt;
    &lt;/footer&gt;



&lt;/body&gt;&lt;/html&gt;</msg>
<arg>HTML Source: ${html_source}</arg>
<doc>Logs the given message with the given level.</doc>
<status status="PASS" start="2025-03-12T23:30:24.312246" elapsed="0.001993"/>
</kw>
<for flavor="IN">
<iter>
<kw name="Should Contain" owner="BuiltIn">
<arg>${html_source}</arg>
<arg>${text}</arg>
<doc>Fails if ``container`` does not contain ``item`` one or more times.</doc>
<status status="PASS" start="2025-03-12T23:30:24.315577" elapsed="0.001018"/>
</kw>
<var name="${text}">Thanaphon Tangchoopong</var>
<status status="PASS" start="2025-03-12T23:30:24.315577" elapsed="0.001018"/>
</iter>
<iter>
<kw name="Should Contain" owner="BuiltIn">
<arg>${html_source}</arg>
<arg>${text}</arg>
<doc>Fails if ``container`` does not contain ``item`` one or more times.</doc>
<status status="PASS" start="2025-03-12T23:30:24.317591" elapsed="0.000000"/>
</kw>
<var name="${text}">Warunya Wunnasri, Ph.D.</var>
<status status="PASS" start="2025-03-12T23:30:24.316595" elapsed="0.000996"/>
</iter>
<iter>
<kw name="Should Contain" owner="BuiltIn">
<arg>${html_source}</arg>
<arg>${text}</arg>
<doc>Fails if ``container`` does not contain ``item`` one or more times.</doc>
<status status="PASS" start="2025-03-12T23:30:24.317591" elapsed="0.001132"/>
</kw>
<var name="${text}">2020</var>
<status status="PASS" start="2025-03-12T23:30:24.317591" elapsed="0.001132"/>
</iter>
<iter>
<kw name="Should Contain" owner="BuiltIn">
<arg>${html_source}</arg>
<arg>${text}</arg>
<doc>Fails if ``container`` does not contain ``item`` one or more times.</doc>
<status status="PASS" start="2025-03-12T23:30:24.318723" elapsed="0.000000"/>
</kw>
<var name="${text}">2020</var>
<status status="PASS" start="2025-03-12T23:30:24.318723" elapsed="0.000000"/>
</iter>
<iter>
<kw name="Should Contain" owner="BuiltIn">
<arg>${html_source}</arg>
<arg>${text}</arg>
<doc>Fails if ``container`` does not contain ``item`` one or more times.</doc>
<status status="PASS" start="2025-03-12T23:30:24.320066" elapsed="0.000000"/>
</kw>
<var name="${text}">年</var>
<status status="PASS" start="2025-03-12T23:30:24.318723" elapsed="0.001343"/>
</iter>
<iter>
<kw name="Should Contain" owner="BuiltIn">
<arg>${html_source}</arg>
<arg>${text}</arg>
<doc>Fails if ``container`` does not contain ``item`` one or more times.</doc>
<status status="PASS" start="2025-03-12T23:30:24.320066" elapsed="0.000000"/>
</kw>
<var name="${text}">8</var>
<status status="PASS" start="2025-03-12T23:30:24.320066" elapsed="0.000000"/>
</iter>
<iter>
<kw name="Should Contain" owner="BuiltIn">
<arg>${html_source}</arg>
<arg>${text}</arg>
<doc>Fails if ``container`` does not contain ``item`` one or more times.</doc>
<status status="PASS" start="2025-03-12T23:30:24.321635" elapsed="0.000000"/>
</kw>
<var name="${text}">月</var>
<status status="PASS" start="2025-03-12T23:30:24.321635" elapsed="0.000000"/>
</iter>
<iter>
<kw name="Should Contain" owner="BuiltIn">
<arg>${html_source}</arg>
<arg>${text}</arg>
<doc>Fails if ``container`` does not contain ``item`` one or more times.</doc>
<status status="PASS" start="2025-03-12T23:30:24.322586" elapsed="0.000000"/>
</kw>
<var name="${text}">1</var>
<status status="PASS" start="2025-03-12T23:30:24.322586" elapsed="0.000000"/>
</iter>
<iter>
<kw name="Should Contain" owner="BuiltIn">
<arg>${html_source}</arg>
<arg>${text}</arg>
<doc>Fails if ``container`` does not contain ``item`` one or more times.</doc>
<status status="PASS" start="2025-03-12T23:30:24.323586" elapsed="0.000000"/>
</kw>
<var name="${text}">日</var>
<status status="PASS" start="2025-03-12T23:30:24.323586" elapsed="0.000000"/>
</iter>
<iter>
<kw name="Should Contain" owner="BuiltIn">
<arg>${html_source}</arg>
<arg>${text}</arg>
<doc>Fails if ``container`` does not contain ``item`` one or more times.</doc>
<status status="PASS" start="2025-03-12T23:30:24.324584" elapsed="0.000000"/>
</kw>
<var name="${text}">至</var>
<status status="PASS" start="2025-03-12T23:30:24.323586" elapsed="0.000998"/>
</iter>
<iter>
<kw name="Should Contain" owner="BuiltIn">
<arg>${html_source}</arg>
<arg>${text}</arg>
<doc>Fails if ``container`` does not contain ``item`` one or more times.</doc>
<status status="PASS" start="2025-03-12T23:30:24.324584" elapsed="0.001000"/>
</kw>
<var name="${text}">2020</var>
<status status="PASS" start="2025-03-12T23:30:24.324584" elapsed="0.001000"/>
</iter>
<iter>
<kw name="Should Contain" owner="BuiltIn">
<arg>${html_source}</arg>
<arg>${text}</arg>
<doc>Fails if ``container`` does not contain ``item`` one or more times.</doc>
<status status="PASS" start="2025-03-12T23:30:24.325584" elapsed="0.000000"/>
</kw>
<var name="${text}">年</var>
<status status="PASS" start="2025-03-12T23:30:24.325584" elapsed="0.001001"/>
</iter>
<iter>
<kw name="Should Contain" owner="BuiltIn">
<arg>${html_source}</arg>
<arg>${text}</arg>
<doc>Fails if ``container`` does not contain ``item`` one or more times.</doc>
<status status="PASS" start="2025-03-12T23:30:24.326585" elapsed="0.000000"/>
</kw>
<var name="${text}">8</var>
<status status="PASS" start="2025-03-12T23:30:24.326585" elapsed="0.000000"/>
</iter>
<iter>
<kw name="Should Contain" owner="BuiltIn">
<arg>${html_source}</arg>
<arg>${text}</arg>
<doc>Fails if ``container`` does not contain ``item`` one or more times.</doc>
<status status="PASS" start="2025-03-12T23:30:24.327817" elapsed="0.000000"/>
</kw>
<var name="${text}">月</var>
<status status="PASS" start="2025-03-12T23:30:24.326585" elapsed="0.001232"/>
</iter>
<iter>
<kw name="Should Contain" owner="BuiltIn">
<arg>${html_source}</arg>
<arg>${text}</arg>
<doc>Fails if ``container`` does not contain ``item`` one or more times.</doc>
<status status="PASS" start="2025-03-12T23:30:24.327817" elapsed="0.000000"/>
</kw>
<var name="${text}">19</var>
<status status="PASS" start="2025-03-12T23:30:24.327817" elapsed="0.000000"/>
</iter>
<iter>
<kw name="Should Contain" owner="BuiltIn">
<arg>${html_source}</arg>
<arg>${text}</arg>
<doc>Fails if ``container`` does not contain ``item`` one or more times.</doc>
<status status="PASS" start="2025-03-12T23:30:24.329137" elapsed="0.000000"/>
</kw>
<var name="${text}">日</var>
<status status="PASS" start="2025-03-12T23:30:24.329137" elapsed="0.000000"/>
</iter>
<iter>
<kw name="Should Contain" owner="BuiltIn">
<arg>${html_source}</arg>
<arg>${text}</arg>
<doc>Fails if ``container`` does not contain ``item`` one or more times.</doc>
<status status="PASS" start="2025-03-12T23:30:24.329137" elapsed="0.001404"/>
</kw>
<var name="${text}">外部资本</var>
<status status="PASS" start="2025-03-12T23:30:24.329137" elapsed="0.001404"/>
</iter>
<iter>
<kw name="Should Contain" owner="BuiltIn">
<arg>${html_source}</arg>
<arg>${text}</arg>
<doc>Fails if ``container`` does not contain ``item`` one or more times.</doc>
<status status="PASS" start="2025-03-12T23:30:24.330541" elapsed="0.000000"/>
</kw>
<var name="${text}">高等教育、科研与创新部常务秘书办公室</var>
<status status="PASS" start="2025-03-12T23:30:24.330541" elapsed="0.000000"/>
</iter>
<iter>
<kw name="Should Contain" owner="BuiltIn">
<arg>${html_source}</arg>
<arg>${text}</arg>
<doc>Fails if ``container`` does not contain ``item`` one or more times.</doc>
<status status="PASS" start="2025-03-12T23:30:24.332050" elapsed="0.000000"/>
</kw>
<var name="${text}">计算机科学系</var>
<status status="PASS" start="2025-03-12T23:30:24.330541" elapsed="0.001509"/>
</iter>
<var>${text}</var>
<value>@{expected_texts}</value>
<status status="PASS" start="2025-03-12T23:30:24.315577" elapsed="0.016473"/>
</for>
<arg>@{EXPECTED_PROJECT_DETAIL_CN}</arg>
<status status="PASS" start="2025-03-12T23:30:24.301222" elapsed="0.030828"/>
</kw>
<kw name="Scroll Page Down">
<kw name="Execute Javascript" owner="SeleniumLibrary">
<msg time="2025-03-12T23:30:24.334066" level="INFO">Executing JavaScript:
return document.body.scrollHeight
Without any arguments.</msg>
<msg time="2025-03-12T23:30:24.338906" level="INFO">${total_height} = 2361</msg>
<var>${total_height}</var>
<arg>return document.body.scrollHeight</arg>
<doc>Executes the given JavaScript code with possible arguments.</doc>
<status status="PASS" start="2025-03-12T23:30:24.333062" elapsed="0.006992"/>
</kw>
<kw name="Set Variable" owner="BuiltIn">
<msg time="2025-03-12T23:30:24.340054" level="INFO">${scroll_position} = 0</msg>
<var>${scroll_position}</var>
<arg>0</arg>
<doc>Returns the given values which can then be assigned to a variables.</doc>
<status status="PASS" start="2025-03-12T23:30:24.340054" elapsed="0.001014"/>
</kw>
<while condition="${scroll_position} &lt; ${total_height}">
<iter>
<kw name="Evaluate" owner="BuiltIn">
<msg time="2025-03-12T23:30:24.341068" level="INFO">${scroll_position} = 300</msg>
<var>${scroll_position}</var>
<arg>${scroll_position} + 300</arg>
<doc>Evaluates the given expression in Python and returns the result.</doc>
<status status="PASS" start="2025-03-12T23:30:24.341068" elapsed="0.000000"/>
</kw>
<kw name="Execute Javascript" owner="SeleniumLibrary">
<msg time="2025-03-12T23:30:24.342579" level="INFO">Executing JavaScript:
window.scrollTo(0, 300)
Without any arguments.</msg>
<arg>window.scrollTo(0, ${scroll_position})</arg>
<doc>Executes the given JavaScript code with possible arguments.</doc>
<status status="PASS" start="2025-03-12T23:30:24.342579" elapsed="0.012609"/>
</kw>
<kw name="Sleep" owner="BuiltIn">
<msg time="2025-03-12T23:30:24.856978" level="INFO">Slept 500 milliseconds.</msg>
<arg>0.5s</arg>
<doc>Pauses the test executed for the given time.</doc>
<status status="PASS" start="2025-03-12T23:30:24.355188" elapsed="0.501790"/>
</kw>
<status status="PASS" start="2025-03-12T23:30:24.341068" elapsed="0.515910"/>
</iter>
<iter>
<kw name="Evaluate" owner="BuiltIn">
<msg time="2025-03-12T23:30:24.857482" level="INFO">${scroll_position} = 600</msg>
<var>${scroll_position}</var>
<arg>${scroll_position} + 300</arg>
<doc>Evaluates the given expression in Python and returns the result.</doc>
<status status="PASS" start="2025-03-12T23:30:24.857482" elapsed="0.000000"/>
</kw>
<kw name="Execute Javascript" owner="SeleniumLibrary">
<msg time="2025-03-12T23:30:24.858487" level="INFO">Executing JavaScript:
window.scrollTo(0, 600)
Without any arguments.</msg>
<arg>window.scrollTo(0, ${scroll_position})</arg>
<doc>Executes the given JavaScript code with possible arguments.</doc>
<status status="PASS" start="2025-03-12T23:30:24.857482" elapsed="0.007605"/>
</kw>
<kw name="Sleep" owner="BuiltIn">
<msg time="2025-03-12T23:30:25.365611" level="INFO">Slept 500 milliseconds.</msg>
<arg>0.5s</arg>
<doc>Pauses the test executed for the given time.</doc>
<status status="PASS" start="2025-03-12T23:30:24.865087" elapsed="0.500524"/>
</kw>
<status status="PASS" start="2025-03-12T23:30:24.857482" elapsed="0.508129"/>
</iter>
<iter>
<kw name="Evaluate" owner="BuiltIn">
<msg time="2025-03-12T23:30:25.366617" level="INFO">${scroll_position} = 900</msg>
<var>${scroll_position}</var>
<arg>${scroll_position} + 300</arg>
<doc>Evaluates the given expression in Python and returns the result.</doc>
<status status="PASS" start="2025-03-12T23:30:25.365611" elapsed="0.001006"/>
</kw>
<kw name="Execute Javascript" owner="SeleniumLibrary">
<msg time="2025-03-12T23:30:25.366617" level="INFO">Executing JavaScript:
window.scrollTo(0, 900)
Without any arguments.</msg>
<arg>window.scrollTo(0, ${scroll_position})</arg>
<doc>Executes the given JavaScript code with possible arguments.</doc>
<status status="PASS" start="2025-03-12T23:30:25.366617" elapsed="0.005693"/>
</kw>
<kw name="Sleep" owner="BuiltIn">
<msg time="2025-03-12T23:30:25.872420" level="INFO">Slept 500 milliseconds.</msg>
<arg>0.5s</arg>
<doc>Pauses the test executed for the given time.</doc>
<status status="PASS" start="2025-03-12T23:30:25.372310" elapsed="0.500110"/>
</kw>
<status status="PASS" start="2025-03-12T23:30:25.365611" elapsed="0.506809"/>
</iter>
<iter>
<kw name="Evaluate" owner="BuiltIn">
<msg time="2025-03-12T23:30:25.873637" level="INFO">${scroll_position} = 1200</msg>
<var>${scroll_position}</var>
<arg>${scroll_position} + 300</arg>
<doc>Evaluates the given expression in Python and returns the result.</doc>
<status status="PASS" start="2025-03-12T23:30:25.873637" elapsed="0.000000"/>
</kw>
<kw name="Execute Javascript" owner="SeleniumLibrary">
<msg time="2025-03-12T23:30:25.874643" level="INFO">Executing JavaScript:
window.scrollTo(0, 1200)
Without any arguments.</msg>
<arg>window.scrollTo(0, ${scroll_position})</arg>
<doc>Executes the given JavaScript code with possible arguments.</doc>
<status status="PASS" start="2025-03-12T23:30:25.873637" elapsed="0.005009"/>
</kw>
<kw name="Sleep" owner="BuiltIn">
<msg time="2025-03-12T23:30:26.380611" level="INFO">Slept 500 milliseconds.</msg>
<arg>0.5s</arg>
<doc>Pauses the test executed for the given time.</doc>
<status status="PASS" start="2025-03-12T23:30:25.880210" elapsed="0.500401"/>
</kw>
<status status="PASS" start="2025-03-12T23:30:25.872420" elapsed="0.508695"/>
</iter>
<iter>
<kw name="Evaluate" owner="BuiltIn">
<msg time="2025-03-12T23:30:26.381115" level="INFO">${scroll_position} = 1500</msg>
<var>${scroll_position}</var>
<arg>${scroll_position} + 300</arg>
<doc>Evaluates the given expression in Python and returns the result.</doc>
<status status="PASS" start="2025-03-12T23:30:26.381115" elapsed="0.001265"/>
</kw>
<kw name="Execute Javascript" owner="SeleniumLibrary">
<msg time="2025-03-12T23:30:26.383412" level="INFO">Executing JavaScript:
window.scrollTo(0, 1500)
Without any arguments.</msg>
<arg>window.scrollTo(0, ${scroll_position})</arg>
<doc>Executes the given JavaScript code with possible arguments.</doc>
<status status="PASS" start="2025-03-12T23:30:26.382380" elapsed="0.006454"/>
</kw>
<kw name="Sleep" owner="BuiltIn">
<msg time="2025-03-12T23:30:26.888957" level="INFO">Slept 500 milliseconds.</msg>
<arg>0.5s</arg>
<doc>Pauses the test executed for the given time.</doc>
<status status="PASS" start="2025-03-12T23:30:26.388834" elapsed="0.500123"/>
</kw>
<status status="PASS" start="2025-03-12T23:30:26.381115" elapsed="0.507842"/>
</iter>
<iter>
<kw name="Evaluate" owner="BuiltIn">
<msg time="2025-03-12T23:30:26.889963" level="INFO">${scroll_position} = 1800</msg>
<var>${scroll_position}</var>
<arg>${scroll_position} + 300</arg>
<doc>Evaluates the given expression in Python and returns the result.</doc>
<status status="PASS" start="2025-03-12T23:30:26.889963" elapsed="0.000000"/>
</kw>
<kw name="Execute Javascript" owner="SeleniumLibrary">
<msg time="2025-03-12T23:30:26.889963" level="INFO">Executing JavaScript:
window.scrollTo(0, 1800)
Without any arguments.</msg>
<arg>window.scrollTo(0, ${scroll_position})</arg>
<doc>Executes the given JavaScript code with possible arguments.</doc>
<status status="PASS" start="2025-03-12T23:30:26.889963" elapsed="0.005735"/>
</kw>
<kw name="Sleep" owner="BuiltIn">
<msg time="2025-03-12T23:30:27.396937" level="INFO">Slept 500 milliseconds.</msg>
<arg>0.5s</arg>
<doc>Pauses the test executed for the given time.</doc>
<status status="PASS" start="2025-03-12T23:30:26.896699" elapsed="0.500238"/>
</kw>
<status status="PASS" start="2025-03-12T23:30:26.888957" elapsed="0.507980"/>
</iter>
<iter>
<kw name="Evaluate" owner="BuiltIn">
<msg time="2025-03-12T23:30:27.397894" level="INFO">${scroll_position} = 2100</msg>
<var>${scroll_position}</var>
<arg>${scroll_position} + 300</arg>
<doc>Evaluates the given expression in Python and returns the result.</doc>
<status status="PASS" start="2025-03-12T23:30:27.397894" elapsed="0.000000"/>
</kw>
<kw name="Execute Javascript" owner="SeleniumLibrary">
<msg time="2025-03-12T23:30:27.398895" level="INFO">Executing JavaScript:
window.scrollTo(0, 2100)
Without any arguments.</msg>
<arg>window.scrollTo(0, ${scroll_position})</arg>
<doc>Executes the given JavaScript code with possible arguments.</doc>
<status status="PASS" start="2025-03-12T23:30:27.397894" elapsed="0.006003"/>
</kw>
<kw name="Sleep" owner="BuiltIn">
<msg time="2025-03-12T23:30:27.905295" level="INFO">Slept 500 milliseconds.</msg>
<arg>0.5s</arg>
<doc>Pauses the test executed for the given time.</doc>
<status status="PASS" start="2025-03-12T23:30:27.403897" elapsed="0.501398"/>
</kw>
<status status="PASS" start="2025-03-12T23:30:27.396937" elapsed="0.508358"/>
</iter>
<iter>
<kw name="Evaluate" owner="BuiltIn">
<msg time="2025-03-12T23:30:27.906615" level="INFO">${scroll_position} = 2400</msg>
<var>${scroll_position}</var>
<arg>${scroll_position} + 300</arg>
<doc>Evaluates the given expression in Python and returns the result.</doc>
<status status="PASS" start="2025-03-12T23:30:27.906615" elapsed="0.000000"/>
</kw>
<kw name="Execute Javascript" owner="SeleniumLibrary">
<msg time="2025-03-12T23:30:27.907721" level="INFO">Executing JavaScript:
window.scrollTo(0, 2400)
Without any arguments.</msg>
<arg>window.scrollTo(0, ${scroll_position})</arg>
<doc>Executes the given JavaScript code with possible arguments.</doc>
<status status="PASS" start="2025-03-12T23:30:27.906615" elapsed="0.006265"/>
</kw>
<kw name="Sleep" owner="BuiltIn">
<msg time="2025-03-12T23:30:28.414175" level="INFO">Slept 500 milliseconds.</msg>
<arg>0.5s</arg>
<doc>Pauses the test executed for the given time.</doc>
<status status="PASS" start="2025-03-12T23:30:27.912880" elapsed="0.501295"/>
</kw>
<status status="PASS" start="2025-03-12T23:30:27.905295" elapsed="0.508880"/>
</iter>
<status status="PASS" start="2025-03-12T23:30:24.341068" elapsed="4.073107"/>
</while>
<status status="PASS" start="2025-03-12T23:30:24.333062" elapsed="4.082176"/>
</kw>
<kw name="Scroll Up">
<kw name="Execute Javascript" owner="SeleniumLibrary">
<msg time="2025-03-12T23:30:28.416246" level="INFO">Executing JavaScript:
window.scrollTo(0, 0)
Without any arguments.</msg>
<arg>window.scrollTo(0, 0)</arg>
<doc>Executes the given JavaScript code with possible arguments.</doc>
<status status="PASS" start="2025-03-12T23:30:28.416246" elapsed="0.005739"/>
</kw>
<status status="PASS" start="2025-03-12T23:30:28.415238" elapsed="0.006747"/>
</kw>
<kw name="Sleep" owner="BuiltIn">
<msg time="2025-03-12T23:30:29.423460" level="INFO">Slept 1 second.</msg>
<arg>1s</arg>
<doc>Pauses the test executed for the given time.</doc>
<status status="PASS" start="2025-03-12T23:30:28.422995" elapsed="1.000465"/>
</kw>
<kw name="Close Browser" owner="SeleniumLibrary">
<doc>Closes the current browser.</doc>
<status status="PASS" start="2025-03-12T23:30:29.423460" elapsed="2.184325"/>
</kw>
<kw name="Close Browser" owner="SeleniumLibrary" type="TEARDOWN">
<doc>Closes the current browser.</doc>
<status status="PASS" start="2025-03-12T23:30:31.608788" elapsed="0.000000"/>
</kw>
<status status="PASS" start="2025-03-12T23:30:01.420133" elapsed="30.188655"/>
</test>
<doc>Test suite for verifying language switching and dynamic data on the research project page.</doc>
<status status="PASS" start="2025-03-12T23:30:01.045917" elapsed="30.564170"/>
</suite>
<statistics>
<total>
<stat pass="1" fail="0" skip="0">All Tests</stat>
</total>
<tag>
</tag>
<suite>
<stat name="UAT 020 researchProj visitor" id="s1" pass="1" fail="0" skip="0">UAT 020 researchProj visitor</stat>
</suite>
</statistics>
<errors>
</errors>
</robot>
